Log file open, 12/16/19 10:38:13
LogWindows: Failed to load 'aqProf.dll' (GetLastError=126)
LogWindows: File 'aqProf.dll' does not exist
LogWindows: Failed to load 'VtuneApi.dll' (GetLastError=126)
LogWindows: File 'VtuneApi.dll' does not exist
LogWindows: Failed to load 'VtuneApi32e.dll' (GetLastError=126)
LogWindows: File 'VtuneApi32e.dll' does not exist
LogConsoleResponse: Display: Failed to find resolution value strings in scalability ini. Falling back to default.
LogInit: Display: Running engine for game: Siema
LogPlatformFile: Not using cached read wrapper
LogTaskGraph: Started task graph with 5 named threads and 14 total threads with 3 sets of task threads.
LogStats: Stats thread started at 0.297805
LogD3D11RHI: Loaded GFSDK_Aftermath_Lib.x64.dll
LogICUInternationalization: ICU TimeZone Detection - Raw Offset: +1:00, Platform Override: ''
LogPluginManager: Mounting plugin Paper2D
LogPluginManager: Mounting plugin AISupport
LogPluginManager: Mounting plugin LightPropagationVolume
LogPluginManager: Mounting plugin ActorLayerUtilities
LogPluginManager: Mounting plugin AnimationSharing
LogPluginManager: Mounting plugin CLionSourceCodeAccess
LogPluginManager: Mounting plugin CodeLiteSourceCodeAccess
LogPluginManager: Mounting plugin GitSourceControl
LogPluginManager: Mounting plugin KDevelopSourceCodeAccess
LogPluginManager: Mounting plugin NullSourceCodeAccess
LogPluginManager: Mounting plugin PerforceSourceControl
LogPluginManager: Mounting plugin SubversionSourceControl
LogPluginManager: Mounting plugin UObjectPlugin
LogPluginManager: Mounting plugin VisualStudioCodeSourceCodeAccess
LogPluginManager: Mounting plugin VisualStudioSourceCodeAccess
LogPluginManager: Mounting plugin XCodeSourceCodeAccess
LogPluginManager: Mounting plugin AssetManagerEditor
LogPluginManager: Mounting plugin CryptoKeys
LogPluginManager: Mounting plugin CurveEditorTools
LogPluginManager: Mounting plugin DataValidation
LogPluginManager: Mounting plugin FacialAnimation
LogPluginManager: Mounting plugin GameplayTagsEditor
LogPluginManager: Mounting plugin MacGraphicsSwitching
LogPluginManager: Mounting plugin MaterialAnalyzer
LogPluginManager: Mounting plugin MobileLauncherProfileWizard
LogPluginManager: Mounting plugin PluginBrowser
LogPluginManager: Mounting plugin SpeedTreeImporter
LogPluginManager: Mounting plugin DatasmithContent
LogPluginManager: Mounting plugin VariantManagerContent
LogPluginManager: Mounting plugin AlembicImporter
LogPluginManager: Mounting plugin AutomationUtils
LogPluginManager: Mounting plugin BackChannel
LogPluginManager: Mounting plugin CharacterAI
LogPluginManager: Mounting plugin GeometryCache
LogPluginManager: Mounting plugin HTML5Networking
LogPluginManager: Mounting plugin PlatformCrypto
LogPluginManager: Mounting plugin ProxyLODPlugin
LogPluginManager: Mounting plugin SkeletalReduction
LogPluginManager: Mounting plugin MagicLeap
LogPluginManager: Mounting plugin MagicLeapMedia
LogPluginManager: Mounting plugin AndroidMedia
LogPluginManager: Mounting plugin AvfMedia
LogPluginManager: Mounting plugin ImgMedia
LogPluginManager: Mounting plugin MediaCompositing
LogPluginManager: Mounting plugin MediaPlayerEditor
LogPluginManager: Mounting plugin WebMMedia
LogPluginManager: Mounting plugin WmfMedia
LogPluginManager: Mounting plugin TcpMessaging
LogPluginManager: Mounting plugin UdpMessaging
LogPluginManager: Mounting plugin ActorSequence
LogPluginManager: Mounting plugin LevelSequenceEditor
LogPluginManager: Mounting plugin MatineeToLevelSequence
LogPluginManager: Mounting plugin NetcodeUnitTest
LogPluginManager: Mounting plugin NUTUnrealEngine4
LogPluginManager: Mounting plugin OnlineSubsystemGooglePlay
LogPluginManager: Mounting plugin OnlineSubsystemIOS
LogPluginManager: Mounting plugin OnlineSubsystem
LogPluginManager: Mounting plugin OnlineSubsystemNull
LogPluginManager: Mounting plugin OnlineSubsystemUtils
LogPluginManager: Mounting plugin LauncherChunkInstaller
LogPluginManager: Mounting plugin AndroidDeviceProfileSelector
LogPluginManager: Mounting plugin AndroidMoviePlayer
LogPluginManager: Mounting plugin AndroidPermission
LogPluginManager: Mounting plugin AppleImageUtils
LogPluginManager: Mounting plugin AppleMoviePlayer
LogPluginManager: Mounting plugin ArchVisCharacter
LogPluginManager: Mounting plugin AudioCapture
LogPluginManager: Mounting plugin CableComponent
LogPluginManager: Mounting plugin CustomMeshComponent
LogPluginManager: Mounting plugin EditableMesh
LogPluginManager: Mounting plugin ExampleDeviceProfileSelector
LogPluginManager: Mounting plugin GoogleCloudMessaging
LogPluginManager: Mounting plugin IOSDeviceProfileSelector
LogPluginManager: Mounting plugin LinuxDeviceProfileSelector
LogPluginManager: Mounting plugin LocationServicesBPLibrary
LogPluginManager: Mounting plugin MobilePatchingUtils
LogPluginManager: Mounting plugin OculusVR
LogPluginManager: Mounting plugin PhysXVehicles
LogPluginManager: Mounting plugin ProceduralMeshComponent
LogPluginManager: Mounting plugin RuntimePhysXCooking
LogPluginManager: Mounting plugin SignificanceManager
LogPluginManager: Mounting plugin SteamVR
LogPluginManager: Mounting plugin WebMMoviePlayer
LogPluginManager: Mounting plugin WindowsMoviePlayer
LogPluginManager: Mounting plugin ScreenshotTools
LogInit: Using libcurl 7.55.1-DEV
LogInit:  - built for x86_64-pc-win32
LogInit:  - supports SSL with OpenSSL/1.1.1
LogInit:  - supports HTTP deflate (compression) using libz 1.2.8
LogInit:  - other features:
LogInit:      CURL_VERSION_SSL
LogInit:      CURL_VERSION_LIBZ
LogInit:      CURL_VERSION_IPV6
LogInit:      CURL_VERSION_ASYNCHDNS
LogInit:      CURL_VERSION_LARGEFILE
LogInit:      CURL_VERSION_IDN
LogInit:  CurlRequestOptions (configurable via config and command line):
LogInit:  - bVerifyPeer = true  - Libcurl will verify peer certificate
LogInit:  - bUseHttpProxy = false  - Libcurl will NOT use HTTP proxy
LogInit:  - bDontReuseConnections = false  - Libcurl will reuse connections
LogInit:  - MaxHostConnections = 16  - Libcurl will limit the number of connections to a host
LogInit:  - LocalHostAddr = Default
LogInit:  - BufferSize = 65536
LogOnline: OSS: Creating online subsystem instance for: NULL
LogInit: WinSock: version 1.1 (2.2), MaxSocks=32767, MaxUdp=65467
LogInit: Build: ++UE4+Release-4.23-CL-9631420
LogInit: Engine Version: 4.23.1-9631420+++UE4+Release-4.23
LogInit: Compatible Engine Version: 4.23.0-8386587+++UE4+Release-4.23
LogInit: Net CL: 8386587
LogInit: OS: Windows 10 (Release 1809) (), CPU: Intel(R) Core(TM) i5-4570 CPU @ 3.20GHz, GPU: NVIDIA GeForce GT 1030
LogInit: Compiled (64-bit): Oct 18 2019 02:07:44
LogInit: Compiled with Visual C++: 19.16.27030.01
LogInit: Build Configuration: Development
LogInit: Branch Name: ++UE4+Release-4.23
LogInit: Command Line: 
LogInit: Base Directory: C:/Users/kbak281/Desktop/UE_4.23/Engine/Binaries/Win64/
LogInit: Installed Engine Build: 1
LogDevObjectVersion: Number of dev versions registered: 23
LogDevObjectVersion:   Dev-Blueprints (B0D832E4-1F89-4F0D-ACCF-7EB736FD4AA2): 10
LogDevObjectVersion:   Dev-Build (E1C64328-A22C-4D53-A36C-8E866417BD8C): 0
LogDevObjectVersion:   Dev-Core (375EC13C-06E4-48FB-B500-84F0262A717E): 3
LogDevObjectVersion:   Dev-Editor (E4B068ED-F494-42E9-A231-DA0B2E46BB41): 34
LogDevObjectVersion:   Dev-Framework (CFFC743F-43B0-4480-9391-14DF171D2073): 35
LogDevObjectVersion:   Dev-Mobile (B02B49B5-BB20-44E9-A304-32B752E40360): 2
LogDevObjectVersion:   Dev-Networking (A4E4105C-59A1-49B5-A7C5-40C4547EDFEE): 0
LogDevObjectVersion:   Dev-Online (39C831C9-5AE6-47DC-9A44-9C173E1C8E7C): 0
LogDevObjectVersion:   Dev-Physics (78F01B33-EBEA-4F98-B9B4-84EACCB95AA2): 0
LogDevObjectVersion:   Dev-Platform (6631380F-2D4D-43E0-8009-CF276956A95A): 0
LogDevObjectVersion:   Dev-Rendering (12F88B9F-8875-4AFC-A67C-D90C383ABD29): 31
LogDevObjectVersion:   Dev-Sequencer (7B5AE74C-D270-4C10-A958-57980B212A5A): 11
LogDevObjectVersion:   Dev-VR (D7296918-1DD6-4BDD-9DE2-64A83CC13884): 2
LogDevObjectVersion:   Dev-LoadTimes (C2A15278-BFE7-4AFE-6C17-90FF531DF755): 1
LogDevObjectVersion:   Private-Geometry (6EACA3D4-40EC-4CC1-B786-8BED09428FC5): 3
LogDevObjectVersion:   Dev-AnimPhys (29E575DD-E0A3-4627-9D10-D276232CDCEA): 17
LogDevObjectVersion:   Dev-Anim (AF43A65D-7FD3-4947-9873-3E8ED9C1BB05): 2
LogDevObjectVersion:   Dev-ReflectionCapture (6B266CEC-1EC7-4B8F-A30B-E4D90942FC07): 1
LogDevObjectVersion:   Dev-Automation (0DF73D61-A23F-47EA-B727-89E90C41499A): 1
LogDevObjectVersion:   FortniteMain (601D1886-AC64-4F84-AA16-D3DE0DEAC7D6): 27
LogDevObjectVersion:   Dev-Enterprise (9DFFBCD6-494F-0158-E221-12823C92A888): 6
LogDevObjectVersion:   Dev-Niagara (F2AED0AC-9AFE-416F-8664-AA7FFA26D6FC): 1
LogDevObjectVersion:   Dev-Destruction (174F1F0B-B4C6-45A5-B13F-2EE8D0FB917D): 9
LogInit: Presizing for max 16777216 objects, including 0 objects not considered by GC, pre-allocating 0 bytes for permanent pool.
LogInit: Object subsystem initialized
LogConfig: Setting CVar [[con.DebugEarlyDefault:1]]
LogConfig: Setting CVar [[r.setres:1280x720]]
[2019.12.16-09.38.24:323][  0]LogConfig: Setting CVar [[r.VSync:0]]
[2019.12.16-09.38.24:323][  0]LogConfig: Setting CVar [[r.RHICmdBypass:0]]
[2019.12.16-09.38.24:323][  0]LogConfig: Applying CVar settings from Section [/Script/Engine.RendererSettings] File [T:/DropFolder/! TO JEST FOLDER DO ZABAWY/Siema/Siema/Saved/Config/Windows/Engine.ini]
[2019.12.16-09.38.24:323][  0]LogConfig: Setting CVar [[r.GPUCrashDebugging:0]]
[2019.12.16-09.38.24:323][  0]LogConfig: Setting CVar [[r.DefaultFeature.AutoExposure.ExtendDefaultLuminanceRange:1]]
[2019.12.16-09.38.24:323][  0]LogConfig: Setting CVar [[r.DefaultFeature.AutoExposure:0]]
[2019.12.16-09.38.24:323][  0]LogConfig: Applying CVar settings from Section [/Script/Engine.RendererOverrideSettings] File [T:/DropFolder/! TO JEST FOLDER DO ZABAWY/Siema/Siema/Saved/Config/Windows/Engine.ini]
[2019.12.16-09.38.24:323][  0]LogConfig: Applying CVar settings from Section [/Script/Engine.StreamingSettings] File [T:/DropFolder/! TO JEST FOLDER DO ZABAWY/Siema/Siema/Saved/Config/Windows/Engine.ini]
[2019.12.16-09.38.24:323][  0]LogConfig: Setting CVar [[s.MinBulkDataSizeForAsyncLoading:131072]]
[2019.12.16-09.38.24:323][  0]LogConfig: Setting CVar [[s.AsyncLoadingThreadEnabled:0]]
[2019.12.16-09.38.24:323][  0]LogConfig: Setting CVar [[s.EventDrivenLoaderEnabled:1]]
[2019.12.16-09.38.24:323][  0]LogConfig: Setting CVar [[s.WarnIfTimeLimitExceeded:0]]
[2019.12.16-09.38.24:323][  0]LogConfig: Setting CVar [[s.TimeLimitExceededMultiplier:1.5]]
[2019.12.16-09.38.24:323][  0]LogConfig: Setting CVar [[s.TimeLimitExceededMinTime:0.005]]
[2019.12.16-09.38.24:323][  0]LogConfig: Setting CVar [[s.UseBackgroundLevelStreaming:1]]
[2019.12.16-09.38.24:323][  0]LogConfig: Setting CVar [[s.PriorityAsyncLoadingExtraTime:15.0]]
[2019.12.16-09.38.24:323][  0]LogConfig: Setting CVar [[s.LevelStreamingActorsUpdateTimeLimit:5.0]]
[2019.12.16-09.38.24:323][  0]LogConfig: Setting CVar [[s.PriorityLevelStreamingActorsUpdateExtraTime:5.0]]
[2019.12.16-09.38.24:323][  0]LogConfig: Setting CVar [[s.LevelStreamingComponentsRegistrationGranularity:10]]
[2019.12.16-09.38.24:323][  0]LogConfig: Setting CVar [[s.UnregisterComponentsTimeLimit:1.0]]
[2019.12.16-09.38.24:323][  0]LogConfig: Setting CVar [[s.LevelStreamingComponentsUnregistrationGranularity:5]]
[2019.12.16-09.38.24:323][  0]LogConfig: Applying CVar settings from Section [/Script/Engine.GarbageCollectionSettings] File [T:/DropFolder/! TO JEST FOLDER DO ZABAWY/Siema/Siema/Saved/Config/Windows/Engine.ini]
[2019.12.16-09.38.24:323][  0]LogConfig: Setting CVar [[gc.MaxObjectsNotConsideredByGC:1]]
[2019.12.16-09.38.24:323][  0]LogConfig: Setting CVar [[gc.SizeOfPermanentObjectPool:0]]
[2019.12.16-09.38.24:323][  0]LogConfig: Setting CVar [[gc.FlushStreamingOnGC:0]]
[2019.12.16-09.38.24:323][  0]LogConfig: Setting CVar [[gc.NumRetriesBeforeForcingGC:10]]
[2019.12.16-09.38.24:323][  0]LogConfig: Setting CVar [[gc.AllowParallelGC:1]]
[2019.12.16-09.38.24:323][  0]LogConfig: Setting CVar [[gc.TimeBetweenPurgingPendingKillObjects:61.1]]
[2019.12.16-09.38.24:323][  0]LogConfig: Setting CVar [[gc.MaxObjectsInEditor:16777216]]
[2019.12.16-09.38.24:323][  0]LogConfig: Setting CVar [[gc.IncrementalBeginDestroyEnabled:1]]
[2019.12.16-09.38.24:323][  0]LogConfig: Setting CVar [[gc.CreateGCClusters:1]]
[2019.12.16-09.38.24:323][  0]LogConfig: Setting CVar [[gc.MinGCClusterSize:5]]
[2019.12.16-09.38.24:323][  0]LogConfig: Setting CVar [[gc.ActorClusteringEnabled:0]]
[2019.12.16-09.38.24:323][  0]LogConfig: Setting CVar [[gc.BlueprintClusteringEnabled:0]]
[2019.12.16-09.38.24:323][  0]LogConfig: Setting CVar [[gc.UseDisregardForGCOnDedicatedServers:0]]
[2019.12.16-09.38.24:323][  0]LogConfig: Applying CVar settings from Section [/Script/Engine.NetworkSettings] File [T:/DropFolder/! TO JEST FOLDER DO ZABAWY/Siema/Siema/Saved/Config/Windows/Engine.ini]
[2019.12.16-09.38.24:323][  0]LogConfig: Applying CVar settings from Section [/Script/UnrealEd.CookerSettings] File [T:/DropFolder/! TO JEST FOLDER DO ZABAWY/Siema/Siema/Saved/Config/Windows/Engine.ini]
[2019.12.16-09.38.24:334][  0]LogConfig: Applying CVar settings from Section [ViewDistanceQuality@3] File [T:/DropFolder/! TO JEST FOLDER DO ZABAWY/Siema/Siema/Saved/Config/Windows/Scalability.ini]
[2019.12.16-09.38.24:335][  0]LogConfig: Setting CVar [[r.SkeletalMeshLODBias:0]]
[2019.12.16-09.38.24:335][  0]LogConfig: Setting CVar [[r.ViewDistanceScale:1.0]]
[2019.12.16-09.38.24:335][  0]LogConfig: Applying CVar settings from Section [AntiAliasingQuality@3] File [T:/DropFolder/! TO JEST FOLDER DO ZABAWY/Siema/Siema/Saved/Config/Windows/Scalability.ini]
[2019.12.16-09.38.24:335][  0]LogConfig: Setting CVar [[r.PostProcessAAQuality:4]]
[2019.12.16-09.38.24:335][  0]LogConfig: Applying CVar settings from Section [ShadowQuality@3] File [T:/DropFolder/! TO JEST FOLDER DO ZABAWY/Siema/Siema/Saved/Config/Windows/Scalability.ini]
[2019.12.16-09.38.24:335][  0]LogConfig: Setting CVar [[r.LightFunctionQuality:1]]
[2019.12.16-09.38.24:335][  0]LogConfig: Setting CVar [[r.ShadowQuality:5]]
[2019.12.16-09.38.24:335][  0]LogConfig: Setting CVar [[r.Shadow.CSM.MaxCascades:10]]
[2019.12.16-09.38.24:335][  0]LogConfig: Setting CVar [[r.Shadow.MaxResolution:2048]]
[2019.12.16-09.38.24:335][  0]LogConfig: Setting CVar [[r.Shadow.MaxCSMResolution:2048]]
[2019.12.16-09.38.24:335][  0]LogConfig: Setting CVar [[r.Shadow.RadiusThreshold:0.01]]
[2019.12.16-09.38.24:335][  0]LogConfig: Setting CVar [[r.Shadow.DistanceScale:1.0]]
[2019.12.16-09.38.24:335][  0]LogConfig: Setting CVar [[r.Shadow.CSM.TransitionScale:1.0]]
[2019.12.16-09.38.24:335][  0]LogConfig: Setting CVar [[r.Shadow.PreShadowResolutionFactor:1.0]]
[2019.12.16-09.38.24:335][  0]LogConfig: Setting CVar [[r.DistanceFieldShadowing:1]]
[2019.12.16-09.38.24:335][  0]LogConfig: Setting CVar [[r.DistanceFieldAO:1]]
[2019.12.16-09.38.24:335][  0]LogConfig: Setting CVar [[r.AOQuality:2]]
[2019.12.16-09.38.24:335][  0]LogConfig: Setting CVar [[r.VolumetricFog:1]]
[2019.12.16-09.38.24:335][  0]LogConfig: Setting CVar [[r.VolumetricFog.GridPixelSize:8]]
[2019.12.16-09.38.24:335][  0]LogConfig: Setting CVar [[r.VolumetricFog.GridSizeZ:128]]
[2019.12.16-09.38.24:335][  0]LogConfig: Setting CVar [[r.VolumetricFog.HistoryMissSupersampleCount:4]]
[2019.12.16-09.38.24:335][  0]LogConfig: Setting CVar [[r.LightMaxDrawDistanceScale:1]]
[2019.12.16-09.38.24:335][  0]LogConfig: Setting CVar [[r.CapsuleShadows:1]]
[2019.12.16-09.38.24:335][  0]LogConfig: Applying CVar settings from Section [PostProcessQuality@3] File [T:/DropFolder/! TO JEST FOLDER DO ZABAWY/Siema/Siema/Saved/Config/Windows/Scalability.ini]
[2019.12.16-09.38.24:335][  0]LogConfig: Setting CVar [[r.MotionBlurQuality:4]]
[2019.12.16-09.38.24:335][  0]LogConfig: Setting CVar [[r.AmbientOcclusionMipLevelFactor:0.4]]
[2019.12.16-09.38.24:335][  0]LogConfig: Setting CVar [[r.AmbientOcclusionMaxQuality:100]]
[2019.12.16-09.38.24:335][  0]LogConfig: Setting CVar [[r.AmbientOcclusionLevels:-1]]
[2019.12.16-09.38.24:335][  0]LogConfig: Setting CVar [[r.AmbientOcclusionRadiusScale:1.0]]
[2019.12.16-09.38.24:335][  0]LogConfig: Setting CVar [[r.DepthOfFieldQuality:2]]
[2019.12.16-09.38.24:335][  0]LogConfig: Setting CVar [[r.RenderTargetPoolMin:400]]
[2019.12.16-09.38.24:335][  0]LogConfig: Setting CVar [[r.LensFlareQuality:2]]
[2019.12.16-09.38.24:335][  0]LogConfig: Setting CVar [[r.SceneColorFringeQuality:1]]
[2019.12.16-09.38.24:335][  0]LogConfig: Setting CVar [[r.EyeAdaptationQuality:2]]
[2019.12.16-09.38.24:335][  0]LogConfig: Setting CVar [[r.BloomQuality:5]]
[2019.12.16-09.38.24:335][  0]LogConfig: Setting CVar [[r.FastBlurThreshold:100]]
[2019.12.16-09.38.24:335][  0]LogConfig: Setting CVar [[r.Upscale.Quality:3]]
[2019.12.16-09.38.24:335][  0]LogConfig: Setting CVar [[r.Tonemapper.GrainQuantization:1]]
[2019.12.16-09.38.24:335][  0]LogConfig: Setting CVar [[r.LightShaftQuality:1]]
[2019.12.16-09.38.24:335][  0]LogConfig: Setting CVar [[r.Filter.SizeScale:1]]
[2019.12.16-09.38.24:335][  0]LogConfig: Setting CVar [[r.Tonemapper.Quality:5]]
[2019.12.16-09.38.24:335][  0]LogConfig: Setting CVar [[r.DOF.Gather.AccumulatorQuality:1        ; higher gathering accumulator quality]]
[2019.12.16-09.38.24:335][  0]LogConfig: Setting CVar [[r.DOF.Gather.PostfilterMethod:1          ; Median3x3 postfilering method]]
[2019.12.16-09.38.24:335][  0]LogConfig: Setting CVar [[r.DOF.Gather.EnableBokehSettings:0       ; no bokeh simulation when gathering]]
[2019.12.16-09.38.24:335][  0]LogConfig: Setting CVar [[r.DOF.Gather.RingCount:4                 ; medium number of samples when gathering]]
[2019.12.16-09.38.24:335][  0]LogConfig: Setting CVar [[r.DOF.Scatter.ForegroundCompositing:1    ; additive foreground scattering]]
[2019.12.16-09.38.24:335][  0]LogConfig: Setting CVar [[r.DOF.Scatter.BackgroundCompositing:2    ; additive background scattering]]
[2019.12.16-09.38.24:335][  0]LogConfig: Setting CVar [[r.DOF.Scatter.EnableBokehSettings:1      ; bokeh simulation when scattering]]
[2019.12.16-09.38.24:335][  0]LogConfig: Setting CVar [[r.DOF.Scatter.MaxSpriteRatio:0.1         ; only a maximum of 10% of scattered bokeh]]
[2019.12.16-09.38.24:335][  0]LogConfig: Setting CVar [[r.DOF.Recombine.Quality:1                ; cheap slight out of focus]]
[2019.12.16-09.38.24:335][  0]LogConfig: Setting CVar [[r.DOF.Recombine.EnableBokehSettings:0    ; no bokeh simulation on slight out of focus]]
[2019.12.16-09.38.24:335][  0]LogConfig: Setting CVar [[r.DOF.TemporalAAQuality:1                ; more stable temporal accumulation]]
[2019.12.16-09.38.24:335][  0]LogConfig: Setting CVar [[r.DOF.Kernel.MaxForegroundRadius:0.025]]
[2019.12.16-09.38.24:335][  0]LogConfig: Setting CVar [[r.DOF.Kernel.MaxBackgroundRadius:0.025]]
[2019.12.16-09.38.24:335][  0]LogConfig: Applying CVar settings from Section [TextureQuality@3] File [T:/DropFolder/! TO JEST FOLDER DO ZABAWY/Siema/Siema/Saved/Config/Windows/Scalability.ini]
[2019.12.16-09.38.24:335][  0]LogConfig: Setting CVar [[r.Streaming.MipBias:0]]
[2019.12.16-09.38.24:335][  0]LogConfig: Setting CVar [[r.Streaming.AmortizeCPUToGPUCopy:0]]
[2019.12.16-09.38.24:335][  0]LogConfig: Setting CVar [[r.Streaming.MaxNumTexturesToStreamPerFrame:0]]
[2019.12.16-09.38.24:335][  0]LogConfig: Setting CVar [[r.Streaming.Boost:1]]
[2019.12.16-09.38.24:335][  0]LogConfig: Setting CVar [[r.MaxAnisotropy:8]]
[2019.12.16-09.38.24:335][  0]LogConfig: Setting CVar [[r.Streaming.LimitPoolSizeToVRAM:0]]
[2019.12.16-09.38.24:335][  0]LogConfig: Setting CVar [[r.Streaming.PoolSize:1000]]
[2019.12.16-09.38.24:335][  0]LogConfig: Setting CVar [[r.Streaming.MaxEffectiveScreenSize:0]]
[2019.12.16-09.38.24:335][  0]LogConfig: Applying CVar settings from Section [EffectsQuality@3] File [T:/DropFolder/! TO JEST FOLDER DO ZABAWY/Siema/Siema/Saved/Config/Windows/Scalability.ini]
[2019.12.16-09.38.24:335][  0]LogConfig: Setting CVar [[r.TranslucencyLightingVolumeDim:64]]
[2019.12.16-09.38.24:335][  0]LogConfig: Setting CVar [[r.RefractionQuality:2]]
[2019.12.16-09.38.24:335][  0]LogConfig: Setting CVar [[r.SSR.Quality:3]]
[2019.12.16-09.38.24:335][  0]LogConfig: Setting CVar [[r.SceneColorFormat:4]]
[2019.12.16-09.38.24:335][  0]LogConfig: Setting CVar [[r.DetailMode:2]]
[2019.12.16-09.38.24:335][  0]LogConfig: Setting CVar [[r.TranslucencyVolumeBlur:1]]
[2019.12.16-09.38.24:335][  0]LogConfig: Setting CVar [[r.MaterialQualityLevel:1 ; High quality]]
[2019.12.16-09.38.24:335][  0]LogConfig: Setting CVar [[r.SSS.Scale:1]]
[2019.12.16-09.38.24:335][  0]LogConfig: Setting CVar [[r.SSS.SampleSet:2]]
[2019.12.16-09.38.24:335][  0]LogConfig: Setting CVar [[r.SSS.Quality:1]]
[2019.12.16-09.38.24:335][  0]LogConfig: Setting CVar [[r.SSS.HalfRes:1]]
[2019.12.16-09.38.24:335][  0]LogConfig: Setting CVar [[r.EmitterSpawnRateScale:1.0]]
[2019.12.16-09.38.24:335][  0]LogConfig: Setting CVar [[r.ParticleLightQuality:2]]
[2019.12.16-09.38.24:335][  0]LogConfig: Applying CVar settings from Section [FoliageQuality@3] File [T:/DropFolder/! TO JEST FOLDER DO ZABAWY/Siema/Siema/Saved/Config/Windows/Scalability.ini]
[2019.12.16-09.38.24:336][  0]LogConfig: Setting CVar [[foliage.DensityScale:1.0]]
[2019.12.16-09.38.24:336][  0]LogConfig: Setting CVar [[grass.DensityScale:1.0]]
[2019.12.16-09.38.24:336][  0]LogInit: Selected Device Profile: [Windows]
[2019.12.16-09.38.24:336][  0]LogInit: Applying CVar settings loaded from the selected device profile: [Windows]
[2019.12.16-09.38.24:839][  0]LogHAL: Display: Platform has ~ 16 GB [17081675776 / 17179869184 / 16], which maps to Larger [LargestMinGB=32, LargerMinGB=12, DefaultMinGB=8, SmallerMinGB=6, SmallestMinGB=0)
[2019.12.16-09.38.24:839][  0]LogInit: Going up to parent DeviceProfile []
[2019.12.16-09.38.24:840][  0]LogConfig: Applying CVar settings from Section [ViewDistanceQuality@3] File [T:/DropFolder/! TO JEST FOLDER DO ZABAWY/Siema/Siema/Saved/Config/Windows/Scalability.ini]
[2019.12.16-09.38.24:840][  0]LogConfig: Setting CVar [[r.SkeletalMeshLODBias:0]]
[2019.12.16-09.38.24:840][  0]LogConfig: Setting CVar [[r.ViewDistanceScale:1.0]]
[2019.12.16-09.38.24:840][  0]LogConfig: Applying CVar settings from Section [AntiAliasingQuality@3] File [T:/DropFolder/! TO JEST FOLDER DO ZABAWY/Siema/Siema/Saved/Config/Windows/Scalability.ini]
[2019.12.16-09.38.24:840][  0]LogConfig: Setting CVar [[r.PostProcessAAQuality:4]]
[2019.12.16-09.38.24:840][  0]LogConfig: Applying CVar settings from Section [ShadowQuality@3] File [T:/DropFolder/! TO JEST FOLDER DO ZABAWY/Siema/Siema/Saved/Config/Windows/Scalability.ini]
[2019.12.16-09.38.24:840][  0]LogConfig: Setting CVar [[r.LightFunctionQuality:1]]
[2019.12.16-09.38.24:840][  0]LogConfig: Setting CVar [[r.ShadowQuality:5]]
[2019.12.16-09.38.24:840][  0]LogConfig: Setting CVar [[r.Shadow.CSM.MaxCascades:10]]
[2019.12.16-09.38.24:840][  0]LogConfig: Setting CVar [[r.Shadow.MaxResolution:2048]]
[2019.12.16-09.38.24:840][  0]LogConfig: Setting CVar [[r.Shadow.MaxCSMResolution:2048]]
[2019.12.16-09.38.24:840][  0]LogConfig: Setting CVar [[r.Shadow.RadiusThreshold:0.01]]
[2019.12.16-09.38.24:841][  0]LogConfig: Setting CVar [[r.Shadow.DistanceScale:1.0]]
[2019.12.16-09.38.24:841][  0]LogConfig: Setting CVar [[r.Shadow.CSM.TransitionScale:1.0]]
[2019.12.16-09.38.24:841][  0]LogConfig: Setting CVar [[r.Shadow.PreShadowResolutionFactor:1.0]]
[2019.12.16-09.38.24:841][  0]LogConfig: Setting CVar [[r.DistanceFieldShadowing:1]]
[2019.12.16-09.38.24:841][  0]LogConfig: Setting CVar [[r.DistanceFieldAO:1]]
[2019.12.16-09.38.24:841][  0]LogConfig: Setting CVar [[r.AOQuality:2]]
[2019.12.16-09.38.24:841][  0]LogConfig: Setting CVar [[r.VolumetricFog:1]]
[2019.12.16-09.38.24:841][  0]LogConfig: Setting CVar [[r.VolumetricFog.GridPixelSize:8]]
[2019.12.16-09.38.24:841][  0]LogConfig: Setting CVar [[r.VolumetricFog.GridSizeZ:128]]
[2019.12.16-09.38.24:841][  0]LogConfig: Setting CVar [[r.VolumetricFog.HistoryMissSupersampleCount:4]]
[2019.12.16-09.38.24:841][  0]LogConfig: Setting CVar [[r.LightMaxDrawDistanceScale:1]]
[2019.12.16-09.38.24:841][  0]LogConfig: Setting CVar [[r.CapsuleShadows:1]]
[2019.12.16-09.38.24:841][  0]LogConfig: Applying CVar settings from Section [PostProcessQuality@3] File [T:/DropFolder/! TO JEST FOLDER DO ZABAWY/Siema/Siema/Saved/Config/Windows/Scalability.ini]
[2019.12.16-09.38.24:841][  0]LogConfig: Setting CVar [[r.MotionBlurQuality:4]]
[2019.12.16-09.38.24:841][  0]LogConfig: Setting CVar [[r.AmbientOcclusionMipLevelFactor:0.4]]
[2019.12.16-09.38.24:841][  0]LogConfig: Setting CVar [[r.AmbientOcclusionMaxQuality:100]]
[2019.12.16-09.38.24:841][  0]LogConfig: Setting CVar [[r.AmbientOcclusionLevels:-1]]
[2019.12.16-09.38.24:842][  0]LogConfig: Setting CVar [[r.AmbientOcclusionRadiusScale:1.0]]
[2019.12.16-09.38.24:842][  0]LogConfig: Setting CVar [[r.DepthOfFieldQuality:2]]
[2019.12.16-09.38.24:842][  0]LogConfig: Setting CVar [[r.RenderTargetPoolMin:400]]
[2019.12.16-09.38.24:842][  0]LogConfig: Setting CVar [[r.LensFlareQuality:2]]
[2019.12.16-09.38.24:842][  0]LogConfig: Setting CVar [[r.SceneColorFringeQuality:1]]
[2019.12.16-09.38.24:842][  0]LogConfig: Setting CVar [[r.EyeAdaptationQuality:2]]
[2019.12.16-09.38.24:842][  0]LogConfig: Setting CVar [[r.BloomQuality:5]]
[2019.12.16-09.38.24:842][  0]LogConfig: Setting CVar [[r.FastBlurThreshold:100]]
[2019.12.16-09.38.24:842][  0]LogConfig: Setting CVar [[r.Upscale.Quality:3]]
[2019.12.16-09.38.24:842][  0]LogConfig: Setting CVar [[r.Tonemapper.GrainQuantization:1]]
[2019.12.16-09.38.24:842][  0]LogConfig: Setting CVar [[r.LightShaftQuality:1]]
[2019.12.16-09.38.24:842][  0]LogConfig: Setting CVar [[r.Filter.SizeScale:1]]
[2019.12.16-09.38.24:842][  0]LogConfig: Setting CVar [[r.Tonemapper.Quality:5]]
[2019.12.16-09.38.24:842][  0]LogConfig: Setting CVar [[r.DOF.Gather.AccumulatorQuality:1        ; higher gathering accumulator quality]]
[2019.12.16-09.38.24:842][  0]LogConfig: Setting CVar [[r.DOF.Gather.PostfilterMethod:1          ; Median3x3 postfilering method]]
[2019.12.16-09.38.24:842][  0]LogConfig: Setting CVar [[r.DOF.Gather.EnableBokehSettings:0       ; no bokeh simulation when gathering]]
[2019.12.16-09.38.24:842][  0]LogConfig: Setting CVar [[r.DOF.Gather.RingCount:4                 ; medium number of samples when gathering]]
[2019.12.16-09.38.24:842][  0]LogConfig: Setting CVar [[r.DOF.Scatter.ForegroundCompositing:1    ; additive foreground scattering]]
[2019.12.16-09.38.24:842][  0]LogConfig: Setting CVar [[r.DOF.Scatter.BackgroundCompositing:2    ; additive background scattering]]
[2019.12.16-09.38.24:843][  0]LogConfig: Setting CVar [[r.DOF.Scatter.EnableBokehSettings:1      ; bokeh simulation when scattering]]
[2019.12.16-09.38.24:843][  0]LogConfig: Setting CVar [[r.DOF.Scatter.MaxSpriteRatio:0.1         ; only a maximum of 10% of scattered bokeh]]
[2019.12.16-09.38.24:843][  0]LogConfig: Setting CVar [[r.DOF.Recombine.Quality:1                ; cheap slight out of focus]]
[2019.12.16-09.38.24:843][  0]LogConfig: Setting CVar [[r.DOF.Recombine.EnableBokehSettings:0    ; no bokeh simulation on slight out of focus]]
[2019.12.16-09.38.24:843][  0]LogConfig: Setting CVar [[r.DOF.TemporalAAQuality:1                ; more stable temporal accumulation]]
[2019.12.16-09.38.24:843][  0]LogConfig: Setting CVar [[r.DOF.Kernel.MaxForegroundRadius:0.025]]
[2019.12.16-09.38.24:843][  0]LogConfig: Setting CVar [[r.DOF.Kernel.MaxBackgroundRadius:0.025]]
[2019.12.16-09.38.24:843][  0]LogConfig: Applying CVar settings from Section [TextureQuality@3] File [T:/DropFolder/! TO JEST FOLDER DO ZABAWY/Siema/Siema/Saved/Config/Windows/Scalability.ini]
[2019.12.16-09.38.24:843][  0]LogConfig: Setting CVar [[r.Streaming.MipBias:0]]
[2019.12.16-09.38.24:843][  0]LogConfig: Setting CVar [[r.Streaming.AmortizeCPUToGPUCopy:0]]
[2019.12.16-09.38.24:843][  0]LogConfig: Setting CVar [[r.Streaming.MaxNumTexturesToStreamPerFrame:0]]
[2019.12.16-09.38.24:843][  0]LogConfig: Setting CVar [[r.Streaming.Boost:1]]
[2019.12.16-09.38.24:843][  0]LogConfig: Setting CVar [[r.MaxAnisotropy:8]]
[2019.12.16-09.38.24:843][  0]LogConfig: Setting CVar [[r.Streaming.LimitPoolSizeToVRAM:0]]
[2019.12.16-09.38.24:843][  0]LogConfig: Setting CVar [[r.Streaming.PoolSize:1000]]
[2019.12.16-09.38.24:843][  0]LogConfig: Setting CVar [[r.Streaming.MaxEffectiveScreenSize:0]]
[2019.12.16-09.38.24:843][  0]LogConfig: Applying CVar settings from Section [EffectsQuality@3] File [T:/DropFolder/! TO JEST FOLDER DO ZABAWY/Siema/Siema/Saved/Config/Windows/Scalability.ini]
[2019.12.16-09.38.24:844][  0]LogConfig: Setting CVar [[r.TranslucencyLightingVolumeDim:64]]
[2019.12.16-09.38.24:844][  0]LogConfig: Setting CVar [[r.RefractionQuality:2]]
[2019.12.16-09.38.24:844][  0]LogConfig: Setting CVar [[r.SSR.Quality:3]]
[2019.12.16-09.38.24:844][  0]LogConfig: Setting CVar [[r.SceneColorFormat:4]]
[2019.12.16-09.38.24:844][  0]LogConfig: Setting CVar [[r.DetailMode:2]]
[2019.12.16-09.38.24:844][  0]LogConfig: Setting CVar [[r.TranslucencyVolumeBlur:1]]
[2019.12.16-09.38.24:844][  0]LogConfig: Setting CVar [[r.MaterialQualityLevel:1 ; High quality]]
[2019.12.16-09.38.24:844][  0]LogConfig: Setting CVar [[r.SSS.Scale:1]]
[2019.12.16-09.38.24:844][  0]LogConfig: Setting CVar [[r.SSS.SampleSet:2]]
[2019.12.16-09.38.24:844][  0]LogConfig: Setting CVar [[r.SSS.Quality:1]]
[2019.12.16-09.38.24:844][  0]LogConfig: Setting CVar [[r.SSS.HalfRes:1]]
[2019.12.16-09.38.24:844][  0]LogConfig: Setting CVar [[r.EmitterSpawnRateScale:1.0]]
[2019.12.16-09.38.24:844][  0]LogConfig: Setting CVar [[r.ParticleLightQuality:2]]
[2019.12.16-09.38.24:844][  0]LogConfig: Applying CVar settings from Section [FoliageQuality@3] File [T:/DropFolder/! TO JEST FOLDER DO ZABAWY/Siema/Siema/Saved/Config/Windows/Scalability.ini]
[2019.12.16-09.38.24:844][  0]LogConfig: Setting CVar [[foliage.DensityScale:1.0]]
[2019.12.16-09.38.24:844][  0]LogConfig: Setting CVar [[grass.DensityScale:1.0]]
[2019.12.16-09.38.24:844][  0]LogConfig: Applying CVar settings from Section [Startup] File [../../../Engine/Config/ConsoleVariables.ini]
[2019.12.16-09.38.24:869][  0]LogConfig: Setting CVar [[net.UseAdaptiveNetUpdateFrequency:0]]
[2019.12.16-09.38.24:869][  0]LogConfig: Setting CVar [[p.chaos.AllowCreatePhysxBodies:1]]
[2019.12.16-09.38.24:869][  0]LogConfig: Applying CVar settings from Section [ConsoleVariables] File [T:/DropFolder/! TO JEST FOLDER DO ZABAWY/Siema/Siema/Saved/Config/Windows/Engine.ini]
[2019.12.16-09.38.24:870][  0]LogInit: Computer: K-1928-12
[2019.12.16-09.38.24:870][  0]LogInit: User: kbak281
[2019.12.16-09.38.24:870][  0]LogInit: CPU Page size=4096, Cores=4
[2019.12.16-09.38.24:870][  0]LogInit: High frequency timer resolution =10.000000 MHz
[2019.12.16-09.38.24:870][  0]LogMemory: Memory total: Physical=15.9GB (16GB approx)
[2019.12.16-09.38.24:871][  0]LogMemory: Platform Memory Stats for Windows
[2019.12.16-09.38.24:871][  0]LogMemory: Process Physical Memory: 100.70 MB used, 100.70 MB peak
[2019.12.16-09.38.24:871][  0]LogMemory: Process Virtual Memory: 99.82 MB used, 99.82 MB peak
[2019.12.16-09.38.24:871][  0]LogMemory: Physical Memory: 5527.45 MB used,  10762.90 MB free, 16290.36 MB total
[2019.12.16-09.38.24:871][  0]LogMemory: Virtual Memory: 4670.10 MB used,  134213056.00 MB free, 134217728.00 MB total
[2019.12.16-09.38.24:888][  0]LogWindows: WindowsPlatformFeatures enabled
[2019.12.16-09.38.24:990][  0]LogInit: Using OS detected language (pl-PL).
[2019.12.16-09.38.24:990][  0]LogInit: Using OS detected locale (pl-PL).
[2019.12.16-09.38.24:991][  0]LogTextLocalizationManager: No specific localization for 'pl-PL' exists, so the 'pl' localization will be used.
[2019.12.16-09.38.24:995][  0]LogTextLocalizationResource: LocRes '../../../Engine/Content/Localization/Editor/pl/Editor.locres' could not be opened for reading!
[2019.12.16-09.38.24:995][  0]LogTextLocalizationResource: LocRes '../../../Engine/Content/Localization/EditorTutorials/pl/EditorTutorials.locres' could not be opened for reading!
[2019.12.16-09.38.24:995][  0]LogTextLocalizationResource: LocRes '../../../Engine/Content/Localization/Keywords/pl/Keywords.locres' could not be opened for reading!
[2019.12.16-09.38.24:995][  0]LogTextLocalizationResource: LocRes '../../../Engine/Content/Localization/Category/pl/Category.locres' could not be opened for reading!
[2019.12.16-09.38.24:996][  0]LogTextLocalizationResource: LocRes '../../../Engine/Content/Localization/ToolTips/pl/ToolTips.locres' could not be opened for reading!
[2019.12.16-09.38.24:996][  0]LogTextLocalizationResource: LocRes '../../../Engine/Content/Localization/PropertyNames/pl/PropertyNames.locres' could not be opened for reading!
[2019.12.16-09.38.24:996][  0]LogTextLocalizationResource: LocRes '../../../Engine/Content/Localization/Engine/pl/Engine.locres' could not be opened for reading!
[2019.12.16-09.38.25:022][  0]LogInit: Setting process to per monitor DPI aware
[2019.12.16-09.38.26:122][  0]LogSlate: New Slate User Created.  User Index 0, Is Virtual User: 0
[2019.12.16-09.38.26:122][  0]LogSlate: Slate User Registered.  User Index 0, Is Virtual User: 0
[2019.12.16-09.38.28:468][  0]LogHMD: Failed to initialize OpenVR with code 110
[2019.12.16-09.38.28:468][  0]LogD3D11RHI: D3D11 adapters:
[2019.12.16-09.38.28:557][  0]LogD3D11RHI:    0. 'NVIDIA GeForce GT 1030' (Feature Level 11_0)
[2019.12.16-09.38.28:557][  0]LogD3D11RHI:       1982/0/8145 MB DedicatedVideo/DedicatedSystem/SharedSystem, Outputs:1, VendorId:0x10de
[2019.12.16-09.38.28:614][  0]LogD3D11RHI:    1. 'Intel(R) HD Graphics 4600' (Feature Level 11_0)
[2019.12.16-09.38.28:614][  0]LogD3D11RHI:       112/0/2048 MB DedicatedVideo/DedicatedSystem/SharedSystem, Outputs:0, VendorId:0x8086
[2019.12.16-09.38.28:622][  0]LogD3D11RHI:    2. 'Microsoft Basic Render Driver' (Feature Level 11_0)
[2019.12.16-09.38.28:622][  0]LogD3D11RHI:       0/0/8145 MB DedicatedVideo/DedicatedSystem/SharedSystem, Outputs:0, VendorId:0x1414
[2019.12.16-09.38.28:622][  0]LogD3D11RHI: Chosen D3D11 Adapter: 0
[2019.12.16-09.38.28:630][  0]LogD3D11RHI: Creating new Direct3DDevice
[2019.12.16-09.38.28:630][  0]LogD3D11RHI:     GPU DeviceId: 0x1d01 (for the marketing name, search the web for "GPU Device Id")
[2019.12.16-09.38.28:630][  0]LogWindows: EnumDisplayDevices:
[2019.12.16-09.38.28:630][  0]LogWindows:    0. 'NVIDIA GeForce GT 1030' (P:1 D:1)
[2019.12.16-09.38.28:630][  0]LogWindows:    1. 'NVIDIA GeForce GT 1030' (P:0 D:0)
[2019.12.16-09.38.28:631][  0]LogWindows:    2. 'Intel(R) HD Graphics 4600' (P:0 D:0)
[2019.12.16-09.38.28:631][  0]LogWindows:    3. 'Intel(R) HD Graphics 4600' (P:0 D:0)
[2019.12.16-09.38.28:632][  0]LogWindows:    4. 'Intel(R) HD Graphics 4600' (P:0 D:0)
[2019.12.16-09.38.28:632][  0]LogWindows: DebugString: PrimaryIsNotTheChoosenAdapter PrimaryIsNotTheChoosenAdapter PrimaryIsNotTheChoosenAdapter FoundDriverCount:2 
[2019.12.16-09.38.28:632][  0]LogD3D11RHI:     Adapter Name: NVIDIA GeForce GT 1030
[2019.12.16-09.38.28:632][  0]LogD3D11RHI:   Driver Version: 391.35 (internal:23.21.13.9135, unified:391.35)
[2019.12.16-09.38.28:632][  0]LogD3D11RHI:      Driver Date: 3-23-2018
[2019.12.16-09.38.28:632][  0]LogRHI: Texture pool is 1387 MB (70% of 1982 MB)
[2019.12.16-09.38.28:912][  0]LogD3D11RHI: Async texture creation enabled
[2019.12.16-09.38.28:947][  0]LogD3D11RHI: GPU Timing Frequency: 1000.000000 (Debug: 2 2)
[2019.12.16-09.38.31:071][  0]LogTemp: Display: Module 'AllDesktopTargetPlatform' loaded TargetPlatform 'AllDesktop'
[2019.12.16-09.38.31:223][  0]LogTemp: Display: Module 'MacClientTargetPlatform' loaded TargetPlatform 'MacClient'
[2019.12.16-09.38.31:344][  0]LogTemp: Display: Module 'MacNoEditorTargetPlatform' loaded TargetPlatform 'MacNoEditor'
[2019.12.16-09.38.31:454][  0]LogTemp: Display: Module 'MacServerTargetPlatform' loaded TargetPlatform 'MacServer'
[2019.12.16-09.38.31:613][  0]LogTemp: Display: Module 'MacTargetPlatform' loaded TargetPlatform 'Mac'
[2019.12.16-09.38.31:659][  0]LogTemp: Display: Module 'WindowsClientTargetPlatform' loaded TargetPlatform 'WindowsClient'
[2019.12.16-09.38.31:742][  0]LogTemp: Display: Module 'WindowsNoEditorTargetPlatform' loaded TargetPlatform 'WindowsNoEditor'
[2019.12.16-09.38.31:801][  0]LogTemp: Display: Module 'WindowsServerTargetPlatform' loaded TargetPlatform 'WindowsServer'
[2019.12.16-09.38.31:808][  0]LogTemp: Display: Module 'WindowsTargetPlatform' loaded TargetPlatform 'Windows'
[2019.12.16-09.38.32:620][  0]LogTemp: Display: Module 'AndroidTargetPlatform' loaded TargetPlatform 'Android'
[2019.12.16-09.38.32:620][  0]LogTemp: Display: Module 'AndroidTargetPlatform' loaded TargetPlatform 'Android_ASTC'
[2019.12.16-09.38.32:620][  0]LogTemp: Display: Module 'AndroidTargetPlatform' loaded TargetPlatform 'Android_ATC'
[2019.12.16-09.38.32:620][  0]LogTemp: Display: Module 'AndroidTargetPlatform' loaded TargetPlatform 'Android_DXT'
[2019.12.16-09.38.32:620][  0]LogTemp: Display: Module 'AndroidTargetPlatform' loaded TargetPlatform 'Android_ETC1'
[2019.12.16-09.38.32:620][  0]LogTemp: Display: Module 'AndroidTargetPlatform' loaded TargetPlatform 'Android_ETC1a'
[2019.12.16-09.38.32:620][  0]LogTemp: Display: Module 'AndroidTargetPlatform' loaded TargetPlatform 'Android_ETC2'
[2019.12.16-09.38.32:620][  0]LogTemp: Display: Module 'AndroidTargetPlatform' loaded TargetPlatform 'Android_PVRTC'
[2019.12.16-09.38.32:620][  0]LogTemp: Display: Module 'AndroidTargetPlatform' loaded TargetPlatform 'AndroidClient'
[2019.12.16-09.38.32:620][  0]LogTemp: Display: Module 'AndroidTargetPlatform' loaded TargetPlatform 'Android_ASTCClient'
[2019.12.16-09.38.32:620][  0]LogTemp: Display: Module 'AndroidTargetPlatform' loaded TargetPlatform 'Android_ATCClient'
[2019.12.16-09.38.32:620][  0]LogTemp: Display: Module 'AndroidTargetPlatform' loaded TargetPlatform 'Android_DXTClient'
[2019.12.16-09.38.32:620][  0]LogTemp: Display: Module 'AndroidTargetPlatform' loaded TargetPlatform 'Android_ETC1Client'
[2019.12.16-09.38.32:620][  0]LogTemp: Display: Module 'AndroidTargetPlatform' loaded TargetPlatform 'Android_ETC1aClient'
[2019.12.16-09.38.32:620][  0]LogTemp: Display: Module 'AndroidTargetPlatform' loaded TargetPlatform 'Android_ETC2Client'
[2019.12.16-09.38.32:620][  0]LogTemp: Display: Module 'AndroidTargetPlatform' loaded TargetPlatform 'Android_PVRTCClient'
[2019.12.16-09.38.32:620][  0]LogTemp: Display: Module 'AndroidTargetPlatform' loaded TargetPlatform 'Android_Multi'
[2019.12.16-09.38.32:620][  0]LogTemp: Display: Module 'AndroidTargetPlatform' loaded TargetPlatform 'Android_MultiClient'
[2019.12.16-09.38.32:623][  0]LogTemp: Display: Module 'HTML5TargetPlatform' loaded TargetPlatform 'HTML5'
[2019.12.16-09.38.33:101][  0]LogTemp: Display: Module 'IOSTargetPlatform' loaded TargetPlatform 'IOSClient'
[2019.12.16-09.38.33:101][  0]LogTemp: Display: Module 'IOSTargetPlatform' loaded TargetPlatform 'IOS'
[2019.12.16-09.38.33:271][  0]LogTemp: Display: Module 'TVOSTargetPlatform' loaded TargetPlatform 'TVOSClient'
[2019.12.16-09.38.33:271][  0]LogTemp: Display: Module 'TVOSTargetPlatform' loaded TargetPlatform 'TVOS'
[2019.12.16-09.38.33:350][  0]LogTemp: Display: Module 'LinuxClientTargetPlatform' loaded TargetPlatform 'LinuxClient'
[2019.12.16-09.38.33:442][  0]LogTemp: Display: Module 'LinuxNoEditorTargetPlatform' loaded TargetPlatform 'LinuxNoEditor'
[2019.12.16-09.38.33:515][  0]LogTemp: Display: Module 'LinuxServerTargetPlatform' loaded TargetPlatform 'LinuxServer'
[2019.12.16-09.38.34:036][  0]LogTemp: Display: Module 'LinuxTargetPlatform' loaded TargetPlatform 'Linux'
[2019.12.16-09.38.34:191][  0]LogTemp: Display: Module 'LuminTargetPlatform' loaded TargetPlatform 'Lumin'
[2019.12.16-09.38.34:191][  0]LogTemp: Display: Module 'LuminTargetPlatform' loaded TargetPlatform 'LuminClient'
[2019.12.16-09.38.34:191][  0]LogTargetPlatformManager: Display: Building Assets For Windows
[2019.12.16-09.38.34:244][  0]LogAudioDebug: Display: Lib vorbis DLL was dynamically loaded.
[2019.12.16-09.38.34:425][  0]LogShaderCompilers: Guid format shader working directory is -4 characters bigger than the processId version (T:/DropFolder/! TO JEST FOLDER DO ZABAWY/Siema/Siema/Intermediate/Shaders/WorkingDirectory/6104/).
[2019.12.16-09.38.34:426][  0]LogShaderCompilers: Cleaned the shader compiler working directory 'C:/Users/kbak281/AppData/Local/Temp/UnrealShaderWorkingDir/CB38B5764C3C44FCC5C875AACA87DF48/'.
[2019.12.16-09.38.34:430][  0]LogXGEController: Cleaning working directory: C:/Users/kbak281/AppData/Local/Temp/UnrealXGEWorkingDir/
[2019.12.16-09.38.34:430][  0]LogXGEController: Cannot use XGE Controller as Incredibuild is not installed on this machine.
[2019.12.16-09.38.34:430][  0]LogShaderCompilers: Cannot use XGE Shader Compiler as Incredibuild is not installed on this machine.
[2019.12.16-09.38.34:430][  0]LogShaderCompilers: Display: Using Local Shader Compiler.
[2019.12.16-09.38.35:862][  0]LogDerivedDataCache: Display: Max Cache Size: 512 MB
[2019.12.16-09.38.36:200][  0]LogDerivedDataCache: Loaded boot cache 0.26s 73MB C:/Users/kbak281/AppData/Local/UnrealEngine/4.23/DerivedDataCache/Boot.ddc.
[2019.12.16-09.38.36:200][  0]LogDerivedDataCache: Display: Loaded Boot cache: C:/Users/kbak281/AppData/Local/UnrealEngine/4.23/DerivedDataCache/Boot.ddc
[2019.12.16-09.38.36:445][  0]LogDerivedDataCache: FDerivedDataBackendGraph:  Pak pak cache file T:/DropFolder/! TO JEST FOLDER DO ZABAWY/Siema/Siema/DerivedDataCache/DDC.ddp not found, will not use a pak cache.
[2019.12.16-09.38.36:446][  0]LogDerivedDataCache: Unable to find inner node Pak for hierarchical cache Hierarchy.
[2019.12.16-09.38.36:447][  0]LogDerivedDataCache: FDerivedDataBackendGraph:  CompressedPak pak cache file T:/DropFolder/! TO JEST FOLDER DO ZABAWY/Siema/Siema/DerivedDataCache/Compressed.ddp not found, will not use a pak cache.
[2019.12.16-09.38.36:447][  0]LogDerivedDataCache: Unable to find inner node CompressedPak for hierarchical cache Hierarchy.
[2019.12.16-09.38.36:513][  0]LogDerivedDataCache: Display: Pak cache opened for reading ../../../Engine/DerivedDataCache/Compressed.ddp.
[2019.12.16-09.38.36:513][  0]LogDerivedDataCache: FDerivedDataBackendGraph:  EnterprisePak pak cache file ../../../Enterprise/DerivedDataCache/Compressed.ddp not found, will not use a pak cache.
[2019.12.16-09.38.36:513][  0]LogDerivedDataCache: Unable to find inner node EnterprisePak for hierarchical cache Hierarchy.
[2019.12.16-09.38.36:516][  0]LogDerivedDataCache: Using Local data cache path C:/Users/kbak281/AppData/Local/UnrealEngine/Common/DerivedDataCache: Writable
[2019.12.16-09.38.36:517][  0]LogDerivedDataCache: Shared data cache path not found in *engine.ini, will not use an Shared cache.
[2019.12.16-09.38.36:517][  0]LogDerivedDataCache: Unable to find inner node Shared for hierarchical cache Hierarchy.
[2019.12.16-09.38.36:542][  0]LogMaterial: Verifying Global Shaders for PCD3D_SM5
[2019.12.16-09.38.36:545][  0]LogSlate: Using FreeType 2.6.0
[2019.12.16-09.38.36:555][  0]LogSlate: SlateFontServices - WITH_FREETYPE: 1, WITH_HARFBUZZ: 1
[2019.12.16-09.38.36:851][  0]LogAssetRegistry: FAssetRegistry took 0.0029 seconds to start up
[2019.12.16-09.38.37:299][  0]LogInit: Selected Device Profile: [Windows]
[2019.12.16-09.38.39:139][  0]LogMeshReduction: Using QuadricMeshReduction for automatic static mesh reduction
[2019.12.16-09.38.39:139][  0]LogMeshReduction: Using SimplygonMeshReduction for automatic skeletal mesh reduction
[2019.12.16-09.38.39:139][  0]LogMeshReduction: Using ProxyLODMeshReduction for automatic mesh merging
[2019.12.16-09.38.39:139][  0]LogMeshReduction: No distributed automatic mesh merging module available
[2019.12.16-09.38.39:139][  0]LogMeshMerging: No distributed automatic mesh merging module available
[2019.12.16-09.38.39:178][  0]LogNetVersion: Siema 1.0.0, NetCL: 8386587, EngineNetVer: 11, GameNetVer: 0 (Checksum: 2011412054)
[2019.12.16-09.38.52:913][  0]LogPackageLocalizationCache: Processed 12 localized package path(s) for 1 prioritized culture(s) in 11.413620 seconds
[2019.12.16-09.38.52:921][  0]LogUObjectArray: 43444 objects as part of root set at end of initial load.
[2019.12.16-09.38.52:921][  0]LogUObjectAllocator: 7548648 out of 0 bytes used by permanent object pool.
[2019.12.16-09.38.52:921][  0]LogUObjectArray: CloseDisregardForGC: 0/0 objects in disregard for GC pool
[2019.12.16-09.38.56:365][  0]LogTcpMessaging: Initializing TcpMessaging bridge
[2019.12.16-09.38.56:368][  0]LogUdpMessaging: Initializing bridge on interface 0.0.0.0:0 to multicast group 230.0.0.1:6666.
[2019.12.16-09.38.56:369][  0]LogDirectoryWatcher: A directory notification failed for 'T:/DropFolder/! TO JEST FOLDER DO ZABAWY/Siema/Siema/Content/' because it was empty or there was a buffer overflow. Attemping another request...
[2019.12.16-09.38.56:369][  0]LogDirectoryWatcher: A directory notification failed for 'T:/DropFolder/! TO JEST FOLDER DO ZABAWY/Siema/Siema/Content/' because it was empty or there was a buffer overflow. Attemping another request...
[2019.12.16-09.38.56:699][  0]SourceControl: Source control is disabled
[2019.12.16-09.38.56:699][  0]SourceControl: Source control is disabled
[2019.12.16-09.38.56:703][  0]SourceControl: Source control is disabled
[2019.12.16-09.38.56:704][  0]SourceControl: Source control is disabled
[2019.12.16-09.38.57:398][  0]LogAndroidPermission: UAndroidPermissionCallbackProxy::GetInstance
[2019.12.16-09.38.57:615][  0]LogOcInput: OculusInput pre-init called
[2019.12.16-09.38.57:639][  0]LogWindows: Failed to load 'OVRPlugin.dll' (GetLastError=126)
[2019.12.16-09.38.57:639][  0]LogWindows: File 'OVRPlugin.dll' does not exist
[2019.12.16-09.38.57:737][  0]LogEngine: Initializing Engine...
[2019.12.16-09.38.57:738][  0]LogHMD: Failed to initialize OpenVR with code 110
[2019.12.16-09.38.57:742][  0]LogStats: UGameplayTagsManager::InitializeManager -  0.003 s
[2019.12.16-09.38.57:992][  0]LogInit: Initializing FReadOnlyCVARCache
[2019.12.16-09.38.58:020][  0]LogAIModule: Creating AISystem for world Untitled
[2019.12.16-09.38.58:049][  0]LogInit: XAudio2 using 'Głośniki (Realtek High Definition Audio)' : 2 channels at 48 kHz using 32 bits per sample (channel mask 0x3)
[2019.12.16-09.38.58:113][  0]LogInit: FAudioDevice initialized.
[2019.12.16-09.38.58:113][  0]LogNetVersion: Set ProjectVersion to 1.0.0.0. Version Checksum will be recalculated on next use.
[2019.12.16-09.38.59:695][  0]LogDerivedDataCache: Saved boot cache 1.58s 73MB C:/Users/kbak281/AppData/Local/UnrealEngine/4.23/DerivedDataCache/Boot.ddc.
[2019.12.16-09.38.59:730][  0]LogInit: Texture streaming: Enabled
[2019.12.16-09.38.59:765][  0]LogEngineSessionManager: EngineSessionManager initialized
[2019.12.16-09.38.59:765][  0]LogEditorSessionSummary: Verbose: Initializing EditorSessionSummaryWriter for editor session tracking
[2019.12.16-09.38.59:766][  0]LogEditorSessionSummary: EditorSessionSummaryWriter initialized
[2019.12.16-09.39.01:197][  0]LogInit: Transaction tracking system initialized
[2019.12.16-09.39.01:255][  0]BlueprintLog: New page: Editor Load
[2019.12.16-09.39.01:597][  0]LocalizationService: Localization service is disabled
[2019.12.16-09.39.02:564][  0]LogAutoReimportManager: Warning: Unable to watch directory T:/DropFolder/! TO JEST FOLDER DO ZABAWY/Siema/Siema/Content/ as it will conflict with another watching T:/DropFolder/! TO JEST FOLDER DO ZABAWY/Siema/Siema/Content/.
[2019.12.16-09.39.02:624][  0]LogCook: Display: Max memory allowance for cook 16384mb min free memory 0mb
[2019.12.16-09.39.02:624][  0]LogCook: Display: Mobile HDR setting 1
[2019.12.16-09.39.03:061][  0]SourceControl: Source control is disabled
[2019.12.16-09.39.03:062][  0]Cmd: MAP LOAD FILE="T:/DropFolder/! TO JEST FOLDER DO ZABAWY/Siema/Siema/Content/Maps/Glowna.umap" TEMPLATE=0 SHOWPROGRESS=1 FEATURELEVEL=3
[2019.12.16-09.39.03:062][  0]LightingResults: New page: Lighting Build
[2019.12.16-09.39.03:067][  0]LogWorld: UWorld::CleanupWorld for Untitled, bSessionEnded=true, bCleanupResources=true
[2019.12.16-09.39.03:068][  0]MapCheck: New page: Map Check
[2019.12.16-09.39.03:068][  0]LightingResults: New page: Lighting Build
[2019.12.16-09.39.03:093][  0]LogUObjectHash: Compacting FUObjectHashTables data took   1.84ms
[2019.12.16-09.39.03:660][  0]LogStaticMesh: Building static mesh Rakieta3...
[2019.12.16-09.39.03:673][  0]LogStaticMesh: Built static mesh [0.01s] /Game/Assets/Rocket/Rakieta3.Rakieta3
[2019.12.16-09.39.03:690][  0]LogAIModule: Creating AISystem for world Glowna
[2019.12.16-09.39.03:696][  0]LogEditorServer: Finished looking for orphan Actors (0.000 secs)
[2019.12.16-09.39.03:724][  0]LogUObjectHash: Compacting FUObjectHashTables data took   2.45ms
[2019.12.16-09.39.03:724][  0]Cmd: MAP CHECKDEP NOCLEARLOG
[2019.12.16-09.39.03:724][  0]MapCheck: Map check complete: 0 Error(s), 0 Warning(s), took 0,475ms to complete.
[2019.12.16-09.39.03:724][  0]LogFileHelpers: Loading map 'Glowna' took 0.663
[2019.12.16-09.39.03:938][  0]LogSlate: Updating window title bar state: overlay mode, drag disabled, window buttons hidden, title bar hidden
[2019.12.16-09.39.03:947][  0]LogSlate: Updating window title bar state: overlay mode, drag disabled, window buttons hidden, title bar hidden
[2019.12.16-09.39.03:955][  0]LogSlate: Updating window title bar state: overlay mode, drag disabled, window buttons hidden, title bar hidden
[2019.12.16-09.39.03:964][  0]LogSlate: Updating window title bar state: overlay mode, drag disabled, window buttons hidden, title bar hidden
[2019.12.16-09.39.04:237][  0]LogCollectionManager: Loaded 0 collections in 0.261578 seconds
[2019.12.16-09.39.04:260][  0]LogCollectionManager: Rebuilt the GUID cache for 0 collections in 0.000003 seconds
[2019.12.16-09.39.04:269][  0]LogContentBrowser: Native class hierarchy populated in 0.0090 seconds. Added 2863 classes and 680 folders.
[2019.12.16-09.39.04:281][  0]LogFileCache: Scanning file cache for directory 'T:/DropFolder/! TO JEST FOLDER DO ZABAWY/Siema/Siema/Content/' took 1.72s
[2019.12.16-09.39.04:281][  0]LogContentBrowser: Native class hierarchy updated for 'WidgetCarousel' in 0.0004 seconds. Added 0 classes and 0 folders.
[2019.12.16-09.39.04:356][  0]LogFileCache: Scanning file cache for directory 'T:/DropFolder/! TO JEST FOLDER DO ZABAWY/Siema/Siema/Saved/Collections/' took 0.04s
[2019.12.16-09.39.04:356][  0]LogFileCache: Scanning file cache for directory 'T:/DropFolder/! TO JEST FOLDER DO ZABAWY/Siema/Siema/Content/Developers/kbak281/Collections/' took 0.05s
[2019.12.16-09.39.04:356][  0]LogFileCache: Scanning file cache for directory 'T:/DropFolder/! TO JEST FOLDER DO ZABAWY/Siema/Siema/Content/Collections/' took 0.06s
[2019.12.16-09.39.04:356][  0]LogContentBrowser: Native class hierarchy updated for 'AddContentDialog' in 0.0004 seconds. Added 0 classes and 0 folders.
[2019.12.16-09.39.04:364][  0]LogContentBrowser: Native class hierarchy updated for 'SceneOutliner' in 0.0004 seconds. Added 1 classes and 2 folders.
[2019.12.16-09.39.04:422][  0]LogSlate: Took 0.007213 seconds to synchronously load lazily loaded font '../../../Engine/Content/Slate/Fonts/Roboto-Bold.ttf' (160K)
[2019.12.16-09.39.04:430][  0]LogSlate: Took 0.006771 seconds to synchronously load lazily loaded font '../../../Engine/Content/Slate/Fonts/Roboto-Regular.ttf' (155K)
[2019.12.16-09.39.04:441][  0]LogContentBrowser: Native class hierarchy updated for 'HierarchicalLODOutliner' in 0.0004 seconds. Added 0 classes and 0 folders.
[2019.12.16-09.39.04:441][  0]LogLoad: (Engine Initialization) Total time: 60.40 seconds
[2019.12.16-09.39.04:441][  0]LogLoad: (Engine Initialization) Total Blueprint compile time: 0.00 seconds
[2019.12.16-09.39.04:948][  0]LogDirectoryWatcher: A directory notification failed for 'T:/DropFolder/! TO JEST FOLDER DO ZABAWY/Siema/Siema/Content/' because it was empty or there was a buffer overflow. Attemping another request...
[2019.12.16-09.39.04:954][  0]LogDirectoryWatcher: A directory notification failed for 'T:/DropFolder/! TO JEST FOLDER DO ZABAWY/Siema/Siema/Content/', and we were unable to create a new request.
[2019.12.16-09.39.04:954][  0]LogDirectoryWatcher: A directory notification failed for 'T:/DropFolder/! TO JEST FOLDER DO ZABAWY/Siema/Siema/Content/' because it was empty or there was a buffer overflow. Attemping another request...
[2019.12.16-09.39.04:959][  0]LogDirectoryWatcher: A directory notification failed for 'T:/DropFolder/! TO JEST FOLDER DO ZABAWY/Siema/Siema/Content/', and we were unable to create a new request.
[2019.12.16-09.39.04:959][  0]LogDirectoryWatcher: A directory notification failed for 'T:/DropFolder/! TO JEST FOLDER DO ZABAWY/Siema/Siema/Saved/Collections/' because it was empty or there was a buffer overflow. Attemping another request...
[2019.12.16-09.39.04:959][  0]LogDirectoryWatcher: A directory notification failed for 'T:/DropFolder/! TO JEST FOLDER DO ZABAWY/Siema/Siema/Content/Developers/kbak281/Collections/' because it was empty or there was a buffer overflow. Attemping another request...
[2019.12.16-09.39.04:959][  0]LogDirectoryWatcher: A directory notification failed for 'T:/DropFolder/! TO JEST FOLDER DO ZABAWY/Siema/Siema/Content/Collections/' because it was empty or there was a buffer overflow. Attemping another request...
[2019.12.16-09.39.04:960][  0]LogContentStreaming: Texture pool size now 1000 MB
[2019.12.16-09.39.05:127][  0]LogSlate: Took 0.161793 seconds to synchronously load lazily loaded font '../../../Engine/Content/Editor/Slate/Fonts/FontAwesome.ttf' (139K)
[2019.12.16-09.39.05:279][  0]LogSlate: Took 0.005995 seconds to synchronously load lazily loaded font '../../../Engine/Content/Slate/Fonts/Roboto-Light.ttf' (167K)
[2019.12.16-09.39.05:295][  1]LogRenderer: Reallocating scene render targets to support 804x360 Format 10 NumSamples 1 (Frame:1).
[2019.12.16-09.39.08:432][  2]LogAssetRegistry: Asset discovery search completed in 31.5822 seconds
[2019.12.16-09.39.08:437][  2]LogCollectionManager: Rebuilt the object cache for 0 collections in 0.000010 seconds (found 0 objects)
[2019.12.16-09.39.08:437][  2]LogCollectionManager: Fixed up redirectors for 0 collections in 0.000082 seconds (updated 0 objects)
[2019.12.16-09.39.08:845][  3]LogSlate: FSceneViewport::OnFocusLost() reason 0
[2019.12.16-09.39.09:507][  3]LogSlate: Took 0.000179 seconds to synchronously load lazily loaded font '../../../Engine/Content/Slate/Fonts/Roboto-Light.ttf' (167K)
[2019.12.16-09.39.10:259][  5]LogDirectoryWatcher: A directory notification failed for 'T:/DropFolder/! TO JEST FOLDER DO ZABAWY/Siema/Siema/Saved/Collections/' because it was empty or there was a buffer overflow. Attemping another request...
[2019.12.16-09.39.10:262][  5]LogDirectoryWatcher: A directory notification failed for 'T:/DropFolder/! TO JEST FOLDER DO ZABAWY/Siema/Siema/Saved/Collections/', and we were unable to create a new request.
[2019.12.16-09.39.10:262][  5]LogDirectoryWatcher: A directory notification failed for 'T:/DropFolder/! TO JEST FOLDER DO ZABAWY/Siema/Siema/Content/Developers/kbak281/Collections/' because it was empty or there was a buffer overflow. Attemping another request...
[2019.12.16-09.39.10:265][  5]LogDirectoryWatcher: A directory notification failed for 'T:/DropFolder/! TO JEST FOLDER DO ZABAWY/Siema/Siema/Content/Developers/kbak281/Collections/', and we were unable to create a new request.
[2019.12.16-09.39.10:265][  5]LogDirectoryWatcher: A directory notification failed for 'T:/DropFolder/! TO JEST FOLDER DO ZABAWY/Siema/Siema/Content/Collections/' because it was empty or there was a buffer overflow. Attemping another request...
[2019.12.16-09.39.10:268][  5]LogDirectoryWatcher: A directory notification failed for 'T:/DropFolder/! TO JEST FOLDER DO ZABAWY/Siema/Siema/Content/Collections/', and we were unable to create a new request.
[2019.12.16-09.39.17:713][ 19]LogFileCache: Retrieving MD5 hashes for directory 'T:/DropFolder/! TO JEST FOLDER DO ZABAWY/Siema/Siema/Content/' took 13.25s
[2019.12.16-09.39.33:524][617]AssetReimport: New page: Outstanding source content changes 11:39:33
[2019.12.16-09.39.33:587][617]LogFactory: FactoryCreateFile: Texture with ReimportTextureFactory (0 0 T:/DropFolder/! TO JEST FOLDER DO ZABAWY/Siema/Siema/Content/Assets/Rocket/Original files/rakieta-obrazek referencyjny.png)
[2019.12.16-09.39.34:162][618]LogFactory: FactoryCreateFile: StaticMesh with FbxFactory (0 0 T:/DropFolder/! TO JEST FOLDER DO ZABAWY/Siema/Siema/Content/Assets/Asteorids/Original files/Modele 3D/Asteroid 1.fbx)
[2019.12.16-09.39.34:531][618]LogFbx: Loading FBX Scene from T:/DropFolder/! TO JEST FOLDER DO ZABAWY/Siema/Siema/Content/Assets/Asteorids/Original files/Modele 3D/Asteroid 1.fbx
[2019.12.16-09.39.34:551][618]LogFbx: FBX Scene Loaded Succesfully
[2019.12.16-09.39.37:450][618]LogSlate: Window 'FBX Import Options' being destroyed
[2019.12.16-09.40.06:547][618]LogStaticMesh: Building static mesh Asteroid_1...
[2019.12.16-09.40.06:549][618]LogStaticMesh: Built static mesh [0.00s] /Game/Assets/Asteorids/Original_files/Modele_3D/Asteroid_1.Asteroid_1
[2019.12.16-09.40.06:699][619]LogEditorSessionSummary: EditorSessionSummary sent report. Type=Shutdown, SessionId={ADED726B-464B-18A0-9BA0-C4B2B9A891B8}
[2019.12.16-09.40.06:740][619]LogFactory: FactoryCreateFile: StaticMesh with FbxFactory (0 0 T:/DropFolder/! TO JEST FOLDER DO ZABAWY/Siema/Siema/Content/Assets/Asteorids/Original files/Modele 3D/Asteroid 1.obj)
[2019.12.16-09.40.06:743][619]LogEditorFactories: Performing atomic reimport of [T:/DropFolder/! TO JEST FOLDER DO ZABAWY/Siema/Siema/Content/Assets/Asteorids/Original files/Modele 3D/Asteroid 1.obj]
[2019.12.16-09.40.06:793][619]LogFbx: Loading FBX Scene from T:/DropFolder/! TO JEST FOLDER DO ZABAWY/Siema/Siema/Content/Assets/Asteorids/Original files/Modele 3D/Asteroid 1.obj
[2019.12.16-09.40.06:817][619]LogFbx: FBX Scene Loaded Succesfully
[2019.12.16-09.40.06:871][619]LogStaticMesh: Building static mesh Asteroid_1...
[2019.12.16-09.40.06:873][619]LogStaticMesh: Built static mesh [0.00s] /Game/Assets/Asteorids/Original_files/Modele_3D/Asteroid_1.Asteroid_1
[2019.12.16-09.40.25:125][619]LogSlate: Window 'Reimport Material Conflicts Resolution' being destroyed
[2019.12.16-09.40.25:129][619]LogEditorFactories: -- imported successfully
[2019.12.16-09.40.25:607][620]LogFactory: FactoryCreateFile: StaticMesh with FbxFactory (0 0 T:/DropFolder/! TO JEST FOLDER DO ZABAWY/Siema/Siema/Content/Assets/Asteorids/Original files/Modele 3D/Asteroid 2.fbx)
[2019.12.16-09.40.26:278][620]LogFbx: Loading FBX Scene from T:/DropFolder/! TO JEST FOLDER DO ZABAWY/Siema/Siema/Content/Assets/Asteorids/Original files/Modele 3D/Asteroid 2.fbx
[2019.12.16-09.40.26:294][620]LogFbx: FBX Scene Loaded Succesfully
[2019.12.16-09.40.26:353][620]LogUObjectHash: Compacting FUObjectHashTables data took   1.62ms
[2019.12.16-09.40.26:377][620]LogUObjectHash: Compacting FUObjectHashTables data took   1.04ms
[2019.12.16-09.40.26:877][621]LogFactory: FactoryCreateFile: StaticMesh with FbxFactory (0 0 T:/DropFolder/! TO JEST FOLDER DO ZABAWY/Siema/Siema/Content/Assets/Asteorids/Original files/Modele 3D/Asteroid 2.obj)
[2019.12.16-09.40.26:932][621]LogFbx: Loading FBX Scene from T:/DropFolder/! TO JEST FOLDER DO ZABAWY/Siema/Siema/Content/Assets/Asteorids/Original files/Modele 3D/Asteroid 2.obj
[2019.12.16-09.40.26:997][621]LogFbx: FBX Scene Loaded Succesfully
[2019.12.16-09.40.28:340][621]LogSlate: Window 'FBX Import Options' being destroyed
[2019.12.16-09.40.29:363][621]LogStaticMesh: Building static mesh Asteroid_2...
[2019.12.16-09.40.29:380][621]LogStaticMesh: Built static mesh [0.02s] /Game/Assets/Asteorids/Original_files/Modele_3D/Asteroid_2.Asteroid_2
[2019.12.16-09.40.29:995][622]LogFactory: FactoryCreateFile: StaticMesh with FbxFactory (0 0 T:/DropFolder/! TO JEST FOLDER DO ZABAWY/Siema/Siema/Content/Assets/Asteorids/Original files/Modele 3D/Asteroid 3.fbx)
[2019.12.16-09.40.30:355][622]LogFbx: Loading FBX Scene from T:/DropFolder/! TO JEST FOLDER DO ZABAWY/Siema/Siema/Content/Assets/Asteorids/Original files/Modele 3D/Asteroid 3.fbx
[2019.12.16-09.40.30:362][622]LogFbx: FBX Scene Loaded Succesfully
[2019.12.16-09.40.32:188][622]LogSlate: Window 'FBX Import Options' being destroyed
[2019.12.16-09.40.32:854][622]LogStaticMesh: Building static mesh Asteroid_3...
[2019.12.16-09.40.32:896][622]LogStaticMesh: Built static mesh [0.04s] /Game/Assets/Asteorids/Original_files/Modele_3D/Asteroid_3.Asteroid_3
[2019.12.16-09.40.33:759][623]LogFactory: FactoryCreateFile: StaticMesh with FbxFactory (0 0 T:/DropFolder/! TO JEST FOLDER DO ZABAWY/Siema/Siema/Content/Assets/Asteorids/Original files/Modele 3D/Asteroid 3.obj)
[2019.12.16-09.40.33:763][623]LogEditorFactories: Performing atomic reimport of [T:/DropFolder/! TO JEST FOLDER DO ZABAWY/Siema/Siema/Content/Assets/Asteorids/Original files/Modele 3D/Asteroid 3.obj]
[2019.12.16-09.40.33:822][623]LogFbx: Loading FBX Scene from T:/DropFolder/! TO JEST FOLDER DO ZABAWY/Siema/Siema/Content/Assets/Asteorids/Original files/Modele 3D/Asteroid 3.obj
[2019.12.16-09.40.33:875][623]LogFbx: FBX Scene Loaded Succesfully
[2019.12.16-09.40.33:890][623]LogStaticMesh: Building static mesh Asteroid_3...
[2019.12.16-09.40.33:904][623]LogStaticMesh: Built static mesh [0.01s] /Game/Assets/Asteorids/Original_files/Modele_3D/Asteroid_3.Asteroid_3
[2019.12.16-09.40.36:512][623]LogSlate: Window 'Reimport Material Conflicts Resolution' being destroyed
[2019.12.16-09.40.36:516][623]LogEditorFactories: -- imported successfully
[2019.12.16-09.40.36:854][624]LogFactory: FactoryCreateFile: StaticMesh with FbxFactory (0 0 T:/DropFolder/! TO JEST FOLDER DO ZABAWY/Siema/Siema/Content/Assets/Asteorids/Original files/Modele 3D/Asteroid 4.fbx)
[2019.12.16-09.40.37:130][624]LogFbx: Loading FBX Scene from T:/DropFolder/! TO JEST FOLDER DO ZABAWY/Siema/Siema/Content/Assets/Asteorids/Original files/Modele 3D/Asteroid 4.fbx
[2019.12.16-09.40.37:137][624]LogFbx: FBX Scene Loaded Succesfully
[2019.12.16-09.40.39:147][624]LogSlate: Window 'FBX Import Options' being destroyed
[2019.12.16-09.40.39:451][624]LogStaticMesh: Building static mesh Asteroid_4...
[2019.12.16-09.40.39:480][624]LogStaticMesh: Built static mesh [0.03s] /Game/Assets/Asteorids/Original_files/Modele_3D/Asteroid_4.Asteroid_4
[2019.12.16-09.40.39:931][625]LogFactory: FactoryCreateFile: StaticMesh with FbxFactory (0 0 T:/DropFolder/! TO JEST FOLDER DO ZABAWY/Siema/Siema/Content/Assets/Asteorids/Original files/Modele 3D/Asteroid 4.obj)
[2019.12.16-09.40.39:939][625]LogEditorFactories: Performing atomic reimport of [T:/DropFolder/! TO JEST FOLDER DO ZABAWY/Siema/Siema/Content/Assets/Asteorids/Original files/Modele 3D/Asteroid 4.obj]
[2019.12.16-09.40.39:976][625]LogFbx: Loading FBX Scene from T:/DropFolder/! TO JEST FOLDER DO ZABAWY/Siema/Siema/Content/Assets/Asteorids/Original files/Modele 3D/Asteroid 4.obj
[2019.12.16-09.40.40:020][625]LogFbx: FBX Scene Loaded Succesfully
[2019.12.16-09.40.40:041][625]LogStaticMesh: Building static mesh Asteroid_4...
[2019.12.16-09.40.40:071][625]LogStaticMesh: Built static mesh [0.03s] /Game/Assets/Asteorids/Original_files/Modele_3D/Asteroid_4.Asteroid_4
[2019.12.16-09.40.42:714][625]LogSlate: Window 'Reimport Material Conflicts Resolution' being destroyed
[2019.12.16-09.40.42:718][625]LogEditorFactories: -- imported successfully
[2019.12.16-09.40.42:900][626]LogFactory: FactoryCreateFile: StaticMesh with FbxFactory (0 0 T:/DropFolder/! TO JEST FOLDER DO ZABAWY/Siema/Siema/Content/Assets/Enemies/Pirate/Original files/pirate.fbx)
[2019.12.16-09.40.43:264][626]LogFbx: Loading FBX Scene from T:/DropFolder/! TO JEST FOLDER DO ZABAWY/Siema/Siema/Content/Assets/Enemies/Pirate/Original files/pirate.fbx
[2019.12.16-09.40.43:271][626]LogFbx: FBX Scene Loaded Succesfully
[2019.12.16-09.40.44:450][626]LogSlate: Window 'FBX Import Options' being destroyed
[2019.12.16-09.40.46:092][626]LogStaticMesh: Building static mesh pirate...
[2019.12.16-09.40.46:099][626]LogStaticMesh: Built static mesh [0.01s] /Game/Assets/Enemies/Pirate/Original_files/pirate.pirate
[2019.12.16-09.40.46:236][627]LogFactory: FactoryCreateFile: StaticMesh with FbxFactory (0 0 T:/DropFolder/! TO JEST FOLDER DO ZABAWY/Siema/Siema/Content/Assets/Enemies/Pirate/Original files/pirate.obj)
[2019.12.16-09.40.46:239][627]LogEditorFactories: Performing atomic reimport of [T:/DropFolder/! TO JEST FOLDER DO ZABAWY/Siema/Siema/Content/Assets/Enemies/Pirate/Original files/pirate.obj]
[2019.12.16-09.40.46:289][627]LogFbx: Loading FBX Scene from T:/DropFolder/! TO JEST FOLDER DO ZABAWY/Siema/Siema/Content/Assets/Enemies/Pirate/Original files/pirate.obj
[2019.12.16-09.40.46:322][627]LogFbx: FBX Scene Loaded Succesfully
[2019.12.16-09.40.46:339][627]LogStaticMesh: Building static mesh pirate...
[2019.12.16-09.40.46:345][627]LogStaticMesh: Built static mesh [0.01s] /Game/Assets/Enemies/Pirate/Original_files/pirate.pirate
[2019.12.16-09.40.46:352][627]LogEditorFactories: -- imported successfully
[2019.12.16-09.40.47:229][628]LogFactory: FactoryCreateFile: Texture with ReimportTextureFactory (0 0 T:/DropFolder/! TO JEST FOLDER DO ZABAWY/Siema/Siema/Content/Assets/Enemies/Robotron/Original files/ColorMap.png)
[2019.12.16-09.40.49:670][629]LogFactory: FactoryCreateFile: Texture with ReimportTextureFactory (0 0 T:/DropFolder/! TO JEST FOLDER DO ZABAWY/Siema/Siema/Content/Assets/Enemies/Robotron/Original files/NormalMap.png)
[2019.12.16-09.40.50:996][630]LogFactory: FactoryCreateFile: Texture with ReimportTextureFactory (0 0 T:/DropFolder/! TO JEST FOLDER DO ZABAWY/Siema/Siema/Content/Assets/Enemies/Robotron/Original files/Preview.png)
[2019.12.16-09.40.53:596][631]LogFactory: FactoryCreateFile: StaticMesh with FbxFactory (0 0 T:/DropFolder/! TO JEST FOLDER DO ZABAWY/Siema/Siema/Content/Assets/Enemies/Robotron/Original files/robotron.fbx)
[2019.12.16-09.40.54:007][631]LogFbx: Loading FBX Scene from T:/DropFolder/! TO JEST FOLDER DO ZABAWY/Siema/Siema/Content/Assets/Enemies/Robotron/Original files/robotron.fbx
[2019.12.16-09.40.54:177][631]LogFbx: FBX Scene Loaded Succesfully
[2019.12.16-09.40.55:510][631]LogSlate: Window 'FBX Import Options' being destroyed
[2019.12.16-09.40.57:926][631]LogStaticMesh: Building static mesh robotron...
[2019.12.16-09.40.58:634][631]LogStaticMesh: Built static mesh [0.71s] /Game/Assets/Enemies/Robotron/Original_files/robotron.robotron
[2019.12.16-09.40.59:707][632]LogFactory: FactoryCreateFile: StaticMesh with FbxFactory (0 0 T:/DropFolder/! TO JEST FOLDER DO ZABAWY/Siema/Siema/Content/Assets/Enemies/Robotron/Original files/robotron.obj)
[2019.12.16-09.40.59:710][632]LogEditorFactories: Performing atomic reimport of [T:/DropFolder/! TO JEST FOLDER DO ZABAWY/Siema/Siema/Content/Assets/Enemies/Robotron/Original files/robotron.obj]
[2019.12.16-09.40.59:745][632]LogFbx: Loading FBX Scene from T:/DropFolder/! TO JEST FOLDER DO ZABAWY/Siema/Siema/Content/Assets/Enemies/Robotron/Original files/robotron.obj
[2019.12.16-09.40.59:924][632]LogFbx: FBX Scene Loaded Succesfully
[2019.12.16-09.41.00:655][632]LogStaticMesh: Building static mesh robotron...
[2019.12.16-09.41.01:264][632]LogStaticMesh: Built static mesh [0.61s] /Game/Assets/Enemies/Robotron/Original_files/robotron.robotron
[2019.12.16-09.41.07:496][632]LogSlate: Window 'Reimport Material Conflicts Resolution' being destroyed
[2019.12.16-09.41.07:502][632]LogEditorFactories: -- imported successfully
[2019.12.16-09.41.07:649][633]LogFactory: FactoryCreateFile: Texture with ReimportTextureFactory (0 0 T:/DropFolder/! TO JEST FOLDER DO ZABAWY/Siema/Siema/Content/Assets/Enemies/Zoid/Original files/ColorMap.png)
[2019.12.16-09.41.08:121][634]LogFactory: FactoryCreateFile: Texture with ReimportTextureFactory (0 0 T:/DropFolder/! TO JEST FOLDER DO ZABAWY/Siema/Siema/Content/Assets/Enemies/Zoid/Original files/MetalicMap.png)
[2019.12.16-09.41.09:297][635]LogFactory: FactoryCreateFile: Texture with ReimportTextureFactory (0 0 T:/DropFolder/! TO JEST FOLDER DO ZABAWY/Siema/Siema/Content/Assets/Enemies/Zoid/Original files/preview.png)
[2019.12.16-09.41.11:491][636]LogFactory: FactoryCreateFile: StaticMesh with FbxFactory (0 0 T:/DropFolder/! TO JEST FOLDER DO ZABAWY/Siema/Siema/Content/Assets/Enemies/Zoid/Original files/zoid.fbx)
[2019.12.16-09.41.11:846][636]LogFbx: Loading FBX Scene from T:/DropFolder/! TO JEST FOLDER DO ZABAWY/Siema/Siema/Content/Assets/Enemies/Zoid/Original files/zoid.fbx
[2019.12.16-09.41.11:919][636]LogFbx: FBX Scene Loaded Succesfully
[2019.12.16-09.41.13:325][636]LogSlate: Window 'FBX Import Options' being destroyed
[2019.12.16-09.41.14:477][636]LogStaticMesh: Building static mesh zoid...
[2019.12.16-09.41.14:492][636]LogStaticMesh: Built static mesh [0.01s] /Game/Assets/Enemies/Zoid/Original_files/zoid.zoid
[2019.12.16-09.41.14:937][637]LogFactory: FactoryCreateFile: StaticMesh with FbxFactory (0 0 T:/DropFolder/! TO JEST FOLDER DO ZABAWY/Siema/Siema/Content/Assets/Enemies/Zoid/Original files/zoid.obj)
[2019.12.16-09.41.14:941][637]LogEditorFactories: Performing atomic reimport of [T:/DropFolder/! TO JEST FOLDER DO ZABAWY/Siema/Siema/Content/Assets/Enemies/Zoid/Original files/zoid.obj]
[2019.12.16-09.41.14:991][637]LogFbx: Loading FBX Scene from T:/DropFolder/! TO JEST FOLDER DO ZABAWY/Siema/Siema/Content/Assets/Enemies/Zoid/Original files/zoid.obj
[2019.12.16-09.41.15:015][637]LogFbx: FBX Scene Loaded Succesfully
[2019.12.16-09.41.15:080][637]LogStaticMesh: Building static mesh zoid...
[2019.12.16-09.41.15:096][637]LogStaticMesh: Built static mesh [0.02s] /Game/Assets/Enemies/Zoid/Original_files/zoid.zoid
[2019.12.16-09.41.16:514][637]LogSlate: Window 'Reimport Material Conflicts Resolution' being destroyed
[2019.12.16-09.41.16:517][637]LogEditorFactories: -- imported successfully
[2019.12.16-09.41.16:671][638]LogFactory: FactoryCreateFile: StaticMesh with FbxFactory (0 0 T:/DropFolder/! TO JEST FOLDER DO ZABAWY/Siema/Siema/Content/Assets/Rocket/Original files/Blender/Rakieta.obj)
[2019.12.16-09.41.16:683][638]LogFbx: Loading FBX Scene from T:/DropFolder/! TO JEST FOLDER DO ZABAWY/Siema/Siema/Content/Assets/Rocket/Original files/Blender/Rakieta.obj
[2019.12.16-09.41.16:698][638]LogFbx: FBX Scene Loaded Succesfully
[2019.12.16-09.41.20:500][638]LogSlate: Window 'FBX Import Options' being destroyed
[2019.12.16-09.41.21:499][638]LogStaticMesh: Building static mesh Rakieta...
[2019.12.16-09.41.21:505][638]LogStaticMesh: Built static mesh [0.01s] /Game/Assets/Rocket/Original_files/Blender/Rakieta.Rakieta
[2019.12.16-09.41.22:008][639]LogFactory: FactoryCreateFile: StaticMesh with FbxFactory (0 0 T:/DropFolder/! TO JEST FOLDER DO ZABAWY/Siema/Siema/Content/Assets/Rocket/Original files/Pliki 3D/Rakieta.fbx)
[2019.12.16-09.41.22:359][639]LogFbx: Loading FBX Scene from T:/DropFolder/! TO JEST FOLDER DO ZABAWY/Siema/Siema/Content/Assets/Rocket/Original files/Pliki 3D/Rakieta.fbx
[2019.12.16-09.41.22:366][639]LogFbx: FBX Scene Loaded Succesfully
[2019.12.16-09.41.23:957][639]LogSlate: Window 'FBX Import Options' being destroyed
[2019.12.16-09.41.24:523][639]LogStaticMesh: Building static mesh Rakieta...
[2019.12.16-09.41.24:528][639]LogStaticMesh: Built static mesh [0.01s] /Game/Assets/Rocket/Original_files/Pliki_3D/Rakieta.Rakieta
[2019.12.16-09.41.24:654][640]LogFactory: FactoryCreateFile: StaticMesh with FbxFactory (0 0 T:/DropFolder/! TO JEST FOLDER DO ZABAWY/Siema/Siema/Content/Assets/Rocket/Original files/Pliki 3D/Rakieta.obj)
[2019.12.16-09.41.24:658][640]LogEditorFactories: Performing atomic reimport of [T:/DropFolder/! TO JEST FOLDER DO ZABAWY/Siema/Siema/Content/Assets/Rocket/Original files/Pliki 3D/Rakieta.obj]
[2019.12.16-09.41.24:702][640]LogFbx: Loading FBX Scene from T:/DropFolder/! TO JEST FOLDER DO ZABAWY/Siema/Siema/Content/Assets/Rocket/Original files/Pliki 3D/Rakieta.obj
[2019.12.16-09.41.24:735][640]LogFbx: FBX Scene Loaded Succesfully
[2019.12.16-09.41.24:750][640]LogStaticMesh: Building static mesh Rakieta...
[2019.12.16-09.41.24:756][640]LogStaticMesh: Built static mesh [0.01s] /Game/Assets/Rocket/Original_files/Pliki_3D/Rakieta.Rakieta
[2019.12.16-09.41.24:762][640]LogEditorFactories: -- imported successfully
[2019.12.16-09.41.27:231][641]LogFactory: FactoryCreateFile: Texture with ReimportTextureFactory (0 0 T:/DropFolder/! TO JEST FOLDER DO ZABAWY/Siema/Siema/Content/Assets/Rocket/Original files/Rendery/rakiet-preview.png)
[2019.12.16-09.41.33:762][642]LogStaticMesh: Building static mesh Rakieta2...
[2019.12.16-09.41.33:768][642]LogStaticMesh: Built static mesh [0.01s] /Game/Assets/Rocket/Rakieta2.Rakieta2
[2019.12.16-09.41.33:783][642]LogEditorFactories: Performing atomic reimport of [T:/DropFolder/! TO JEST FOLDER DO ZABAWY/Siema/Siema/Content/Assets/Rocket/Original files/Blender/Rakieta2.fbx]
[2019.12.16-09.41.34:759][642]LogFbx: Loading FBX Scene from T:/DropFolder/! TO JEST FOLDER DO ZABAWY/Siema/Siema/Content/Assets/Rocket/Original files/Blender/Rakieta2.fbx
[2019.12.16-09.41.34:767][642]LogFbx: FBX Scene Loaded Succesfully
[2019.12.16-09.41.35:623][642]LogStaticMesh: Building static mesh Rakieta2...
[2019.12.16-09.41.35:632][642]LogStaticMesh: Built static mesh [0.01s] /Game/Assets/Rocket/Rakieta2.Rakieta2
[2019.12.16-09.41.35:641][642]LogEditorFactories: -- imported successfully
[2019.12.16-09.41.35:676][643]LogEditorFactories: Performing atomic reimport of [T:/DropFolder/! TO JEST FOLDER DO ZABAWY/Siema/Siema/Content/Assets/Rocket/Original files/Blender/Rakieta3.fbx]
[2019.12.16-09.41.36:146][643]LogFbx: Loading FBX Scene from T:/DropFolder/! TO JEST FOLDER DO ZABAWY/Siema/Siema/Content/Assets/Rocket/Original files/Blender/Rakieta3.fbx
[2019.12.16-09.41.36:154][643]LogFbx: FBX Scene Loaded Succesfully
[2019.12.16-09.41.36:438][643]LogStaticMesh: Building static mesh Rakieta3...
[2019.12.16-09.41.36:448][643]LogStaticMesh: Built static mesh [0.01s] /Game/Assets/Rocket/Rakieta3.Rakieta3
[2019.12.16-09.41.36:914][643]LogEditorFactories: -- imported successfully
[2019.12.16-09.41.39:538][644]LogSavePackage: Moving 'T:/DropFolder/! TO JEST FOLDER DO ZABAWY/Siema/Siema/Saved/rakieta-obrazek_referencyjnyDA31D66B458550BF7FD8439E457F0800.tmp' to 'T:/DropFolder/! TO JEST FOLDER DO ZABAWY/Siema/Siema/Content/Assets/Rocket/Original_files/rakieta-obrazek_referencyjny.uasset'
[2019.12.16-09.41.40:862][644]LogSavePackage: Moving 'T:/DropFolder/! TO JEST FOLDER DO ZABAWY/Siema/Siema/Saved/Asteroid_18A81C7C34D89578EF51B18ABE9D7CB27.tmp' to 'T:/DropFolder/! TO JEST FOLDER DO ZABAWY/Siema/Siema/Content/Assets/Asteorids/Original_files/Modele_3D/Asteroid_1.uasset'
[2019.12.16-09.41.44:410][644]LogSavePackage: Moving 'T:/DropFolder/! TO JEST FOLDER DO ZABAWY/Siema/Siema/Saved/Asteroid_1E2DBF67243E4AB5197E27C84B52B877D.tmp' to 'T:/DropFolder/! TO JEST FOLDER DO ZABAWY/Siema/Siema/Content/Assets/Asteorids/Original_files/Modele_3D/Asteroid_1.uasset'
[2019.12.16-09.41.47:282][644]LogSavePackage: Moving 'T:/DropFolder/! TO JEST FOLDER DO ZABAWY/Siema/Siema/Saved/Asteroid_27C506EFE4306B27A7D07DE8C25BAC939.tmp' to 'T:/DropFolder/! TO JEST FOLDER DO ZABAWY/Siema/Siema/Content/Assets/Asteorids/Original_files/Modele_3D/Asteroid_2.uasset'
[2019.12.16-09.41.51:518][644]LogSavePackage: Moving 'T:/DropFolder/! TO JEST FOLDER DO ZABAWY/Siema/Siema/Saved/Asteroid_37557839648FEF0FA7E2FF5B7A92E04C1.tmp' to 'T:/DropFolder/! TO JEST FOLDER DO ZABAWY/Siema/Siema/Content/Assets/Asteorids/Original_files/Modele_3D/Asteroid_3.uasset'
[2019.12.16-09.41.55:274][644]LogSavePackage: Moving 'T:/DropFolder/! TO JEST FOLDER DO ZABAWY/Siema/Siema/Saved/Asteroid_3405A38DF4C742667E0ED41AF0AE813D9.tmp' to 'T:/DropFolder/! TO JEST FOLDER DO ZABAWY/Siema/Siema/Content/Assets/Asteorids/Original_files/Modele_3D/Asteroid_3.uasset'
[2019.12.16-09.41.58:476][644]LogSavePackage: Moving 'T:/DropFolder/! TO JEST FOLDER DO ZABAWY/Siema/Siema/Saved/Asteroid_4B362BB6A43C0C646C2A51994E4E4E232.tmp' to 'T:/DropFolder/! TO JEST FOLDER DO ZABAWY/Siema/Siema/Content/Assets/Asteorids/Original_files/Modele_3D/Asteroid_4.uasset'
[2019.12.16-09.42.02:425][644]LogSavePackage: Moving 'T:/DropFolder/! TO JEST FOLDER DO ZABAWY/Siema/Siema/Saved/Asteroid_4935D990F443D71988B02CB8D2D5B6B16.tmp' to 'T:/DropFolder/! TO JEST FOLDER DO ZABAWY/Siema/Siema/Content/Assets/Asteorids/Original_files/Modele_3D/Asteroid_4.uasset'
[2019.12.16-09.42.05:421][644]LogSavePackage: Moving 'T:/DropFolder/! TO JEST FOLDER DO ZABAWY/Siema/Siema/Saved/pirate79E6E2E6422EED1A05AF10BF0379740E.tmp' to 'T:/DropFolder/! TO JEST FOLDER DO ZABAWY/Siema/Siema/Content/Assets/Enemies/Pirate/Original_files/pirate.uasset'
[2019.12.16-09.42.09:610][644]LogSavePackage: Moving 'T:/DropFolder/! TO JEST FOLDER DO ZABAWY/Siema/Siema/Saved/pirate66ADAE0041F6251907C8779D0F6507B1.tmp' to 'T:/DropFolder/! TO JEST FOLDER DO ZABAWY/Siema/Siema/Content/Assets/Enemies/Pirate/Original_files/pirate.uasset'
[2019.12.16-09.42.11:925][644]LogSavePackage: Moving 'T:/DropFolder/! TO JEST FOLDER DO ZABAWY/Siema/Siema/Saved/ColorMap1187D4DA4226BC1AD5C5DD9DDB1D79D9.tmp' to 'T:/DropFolder/! TO JEST FOLDER DO ZABAWY/Siema/Siema/Content/Assets/Enemies/Robotron/Original_files/ColorMap.uasset'
[2019.12.16-09.42.15:293][644]LogSavePackage: Moving 'T:/DropFolder/! TO JEST FOLDER DO ZABAWY/Siema/Siema/Saved/NormalMap25C7ABBC4F65380D38735F9FEFB8F6BD.tmp' to 'T:/DropFolder/! TO JEST FOLDER DO ZABAWY/Siema/Siema/Content/Assets/Enemies/Robotron/Original_files/NormalMap.uasset'
[2019.12.16-09.42.17:727][644]LogSavePackage: Moving 'T:/DropFolder/! TO JEST FOLDER DO ZABAWY/Siema/Siema/Saved/Preview88DBA85A45CF6475A773DB93119CBAEB.tmp' to 'T:/DropFolder/! TO JEST FOLDER DO ZABAWY/Siema/Siema/Content/Assets/Enemies/Robotron/Original_files/Preview.uasset'
[2019.12.16-09.42.19:911][644]LogSavePackage: Moving 'T:/DropFolder/! TO JEST FOLDER DO ZABAWY/Siema/Siema/Saved/robotron09C4D17840B1C166CC86B88379EE2FA0.tmp' to 'T:/DropFolder/! TO JEST FOLDER DO ZABAWY/Siema/Siema/Content/Assets/Enemies/Robotron/Original_files/robotron.uasset'
[2019.12.16-09.42.24:585][644]LogSavePackage: Moving 'T:/DropFolder/! TO JEST FOLDER DO ZABAWY/Siema/Siema/Saved/robotronBDEABD1F4C49EF22BCFAEBB362B21C28.tmp' to 'T:/DropFolder/! TO JEST FOLDER DO ZABAWY/Siema/Siema/Content/Assets/Enemies/Robotron/Original_files/robotron.uasset'
[2019.12.16-09.42.26:057][644]LogSavePackage: Moving 'T:/DropFolder/! TO JEST FOLDER DO ZABAWY/Siema/Siema/Saved/ColorMap952C3A6E48085603DE3339AAA219E53E.tmp' to 'T:/DropFolder/! TO JEST FOLDER DO ZABAWY/Siema/Siema/Content/Assets/Enemies/Zoid/Original_files/ColorMap.uasset'
[2019.12.16-09.42.27:190][644]LogSavePackage: Moving 'T:/DropFolder/! TO JEST FOLDER DO ZABAWY/Siema/Siema/Saved/MetalicMap74E155B24946B7FD27A83CAEEBAFA1BE.tmp' to 'T:/DropFolder/! TO JEST FOLDER DO ZABAWY/Siema/Siema/Content/Assets/Enemies/Zoid/Original_files/MetalicMap.uasset'
[2019.12.16-09.42.28:714][644]LogSavePackage: Moving 'T:/DropFolder/! TO JEST FOLDER DO ZABAWY/Siema/Siema/Saved/preview4A0550EC4A451D721DC754927F409160.tmp' to 'T:/DropFolder/! TO JEST FOLDER DO ZABAWY/Siema/Siema/Content/Assets/Enemies/Zoid/Original_files/preview.uasset'
[2019.12.16-09.42.29:126][644]Cmd: OBJ SAVEPACKAGE PACKAGE="/Game/Assets/Enemies/Zoid/Original_files/zoid" FILE="T:/DropFolder/! TO JEST FOLDER DO ZABAWY/Siema/Siema/Content/Assets/Enemies/Zoid/Original_files/zoid.uasset" SILENT=true
[2019.12.16-09.42.30:869][644]LogSavePackage: Moving 'T:/DropFolder/! TO JEST FOLDER DO ZABAWY/Siema/Siema/Saved/zoidFB17E0584D60D7370A8309B4CEA5A2F9.tmp' to 'T:/DropFolder/! TO JEST FOLDER DO ZABAWY/Siema/Siema/Content/Assets/Enemies/Zoid/Original_files/zoid.uasset'
[2019.12.16-09.42.31:496][644]Cmd: OBJ SAVEPACKAGE PACKAGE="/Game/Assets/Enemies/Zoid/Original_files/zoid" FILE="T:/DropFolder/! TO JEST FOLDER DO ZABAWY/Siema/Siema/Content/Assets/Enemies/Zoid/Original_files/zoid.uasset" SILENT=true
[2019.12.16-09.42.35:366][644]LogSavePackage: Moving 'T:/DropFolder/! TO JEST FOLDER DO ZABAWY/Siema/Siema/Saved/zoid081D5EA44779F664A5F3508F99C4D3D2.tmp' to 'T:/DropFolder/! TO JEST FOLDER DO ZABAWY/Siema/Siema/Content/Assets/Enemies/Zoid/Original_files/zoid.uasset'
[2019.12.16-09.42.38:678][644]LogSavePackage: Moving 'T:/DropFolder/! TO JEST FOLDER DO ZABAWY/Siema/Siema/Saved/RakietaD2B6F14B433C7B6616E1D2B0B9EB3B5C.tmp' to 'T:/DropFolder/! TO JEST FOLDER DO ZABAWY/Siema/Siema/Content/Assets/Rocket/Original_files/Blender/Rakieta.uasset'
[2019.12.16-09.42.41:661][644]LogSavePackage: Moving 'T:/DropFolder/! TO JEST FOLDER DO ZABAWY/Siema/Siema/Saved/RakietaA842A1EF4FD2CEAEBE74049B864AFCEB.tmp' to 'T:/DropFolder/! TO JEST FOLDER DO ZABAWY/Siema/Siema/Content/Assets/Rocket/Original_files/Pliki_3D/Rakieta.uasset'
[2019.12.16-09.42.44:669][644]LogSavePackage: Moving 'T:/DropFolder/! TO JEST FOLDER DO ZABAWY/Siema/Siema/Saved/Rakieta0AB4D7D84C2420A8358791AF10A858DE.tmp' to 'T:/DropFolder/! TO JEST FOLDER DO ZABAWY/Siema/Siema/Content/Assets/Rocket/Original_files/Pliki_3D/Rakieta.uasset'
[2019.12.16-09.42.48:096][644]LogSavePackage: Moving 'T:/DropFolder/! TO JEST FOLDER DO ZABAWY/Siema/Siema/Saved/rakiet-preview66498A9E4CCBB32E758F7EB77B0FCDD3.tmp' to 'T:/DropFolder/! TO JEST FOLDER DO ZABAWY/Siema/Siema/Content/Assets/Rocket/Original_files/Rendery/rakiet-preview.uasset'
[2019.12.16-09.42.48:500][644]Cmd: OBJ SAVEPACKAGE PACKAGE="/Game/Assets/Rocket/Rakieta2" FILE="T:/DropFolder/! TO JEST FOLDER DO ZABAWY/Siema/Siema/Content/Assets/Rocket/Rakieta2.uasset" SILENT=true
[2019.12.16-09.42.50:881][644]LogSavePackage: Moving 'T:/DropFolder/! TO JEST FOLDER DO ZABAWY/Siema/Siema/Saved/Rakieta2A2DA590A4348B71D97E96DBF1E9A48A9.tmp' to 'T:/DropFolder/! TO JEST FOLDER DO ZABAWY/Siema/Siema/Content/Assets/Rocket/Rakieta2.uasset'
[2019.12.16-09.42.52:298][644]Cmd: OBJ SAVEPACKAGE PACKAGE="/Game/Assets/Rocket/Rakieta3" FILE="T:/DropFolder/! TO JEST FOLDER DO ZABAWY/Siema/Siema/Content/Assets/Rocket/Rakieta3.uasset" SILENT=true
[2019.12.16-09.42.55:806][644]LogSavePackage: Moving 'T:/DropFolder/! TO JEST FOLDER DO ZABAWY/Siema/Siema/Saved/Rakieta33DC12B6842E85FC54B4759A12444667D.tmp' to 'T:/DropFolder/! TO JEST FOLDER DO ZABAWY/Siema/Siema/Content/Assets/Rocket/Rakieta3.uasset'
[2019.12.16-09.43.01:719][645]AssetReimport: Importing new asset /Game/Assets/Rocket/Original_files/rakieta-obrazek_referencyjny.
[2019.12.16-09.43.01:719][645]AssetReimport: Importing new asset /Game/Assets/Asteorids/Original_files/Modele_3D/Asteroid_1.
[2019.12.16-09.43.01:719][645]AssetReimport: Importing new asset /Game/Assets/Asteorids/Original_files/Modele_3D/Asteroid_1.
[2019.12.16-09.43.01:719][645]AssetReimport: Importing new asset /Game/Assets/Asteorids/Original_files/Modele_3D/Asteroid_2.
[2019.12.16-09.43.01:719][645]AssetReimport: Failed to import file T:/DropFolder/! TO JEST FOLDER DO ZABAWY/Siema/Siema/Content/Assets/Asteorids/Original files/Modele 3D/Asteroid 2.fbx.
[2019.12.16-09.43.01:719][645]AssetReimport: Importing new asset /Game/Assets/Asteorids/Original_files/Modele_3D/Asteroid_2.
[2019.12.16-09.43.01:719][645]AssetReimport: Importing new asset /Game/Assets/Asteorids/Original_files/Modele_3D/Asteroid_3.
[2019.12.16-09.43.01:719][645]AssetReimport: Importing new asset /Game/Assets/Asteorids/Original_files/Modele_3D/Asteroid_3.
[2019.12.16-09.43.01:719][645]AssetReimport: Importing new asset /Game/Assets/Asteorids/Original_files/Modele_3D/Asteroid_4.
[2019.12.16-09.43.01:719][645]AssetReimport: Importing new asset /Game/Assets/Asteorids/Original_files/Modele_3D/Asteroid_4.
[2019.12.16-09.43.01:719][645]AssetReimport: Importing new asset /Game/Assets/Enemies/Pirate/Original_files/pirate.
[2019.12.16-09.43.01:719][645]AssetReimport: Importing new asset /Game/Assets/Enemies/Pirate/Original_files/pirate.
[2019.12.16-09.43.01:719][645]AssetReimport: Importing new asset /Game/Assets/Enemies/Robotron/Original_files/ColorMap.
[2019.12.16-09.43.01:719][645]AssetReimport: Importing new asset /Game/Assets/Enemies/Robotron/Original_files/NormalMap.
[2019.12.16-09.43.01:719][645]AssetReimport: Importing new asset /Game/Assets/Enemies/Robotron/Original_files/Preview.
[2019.12.16-09.43.01:719][645]AssetReimport: Importing new asset /Game/Assets/Enemies/Robotron/Original_files/robotron.
[2019.12.16-09.43.01:719][645]AssetReimport: Importing new asset /Game/Assets/Enemies/Robotron/Original_files/robotron.
[2019.12.16-09.43.01:719][645]AssetReimport: Importing new asset /Game/Assets/Enemies/Zoid/Original_files/ColorMap.
[2019.12.16-09.43.01:719][645]AssetReimport: Importing new asset /Game/Assets/Enemies/Zoid/Original_files/MetalicMap.
[2019.12.16-09.43.01:719][645]AssetReimport: Importing new asset /Game/Assets/Enemies/Zoid/Original_files/preview.
[2019.12.16-09.43.01:719][645]AssetReimport: Importing new asset /Game/Assets/Enemies/Zoid/Original_files/zoid.
[2019.12.16-09.43.01:719][645]AssetReimport: Importing new asset /Game/Assets/Enemies/Zoid/Original_files/zoid.
[2019.12.16-09.43.01:719][645]AssetReimport: Importing new asset /Game/Assets/Rocket/Original_files/Blender/Rakieta.
[2019.12.16-09.43.01:719][645]AssetReimport: Importing new asset /Game/Assets/Rocket/Original_files/Pliki_3D/Rakieta.
[2019.12.16-09.43.01:720][645]AssetReimport: Importing new asset /Game/Assets/Rocket/Original_files/Pliki_3D/Rakieta.
[2019.12.16-09.43.01:720][645]AssetReimport: Importing new asset /Game/Assets/Rocket/Original_files/Rendery/rakiet-preview.
[2019.12.16-09.43.01:720][645]AssetReimport: Reimported asset Rakieta2 from T:/DropFolder/! TO JEST FOLDER DO ZABAWY/Siema/Siema/Content/Assets/Rocket/Original files/Blender/Rakieta2.fbx.
[2019.12.16-09.43.01:720][645]AssetReimport: Reimported asset Rakieta3 from T:/DropFolder/! TO JEST FOLDER DO ZABAWY/Siema/Siema/Content/Assets/Rocket/Original files/Blender/Rakieta3.fbx.
[2019.12.16-09.43.03:328][828]LogSlate: Window 'Message Log' being destroyed
[2019.12.16-09.43.03:331][828]LogSlate: Window 'Message Log' being destroyed
[2019.12.16-09.43.09:753][594]LogWindows: Warning: CreateProc failed: Nie można odnaleźć określonego pliku. (0x00000002)
[2019.12.16-09.43.09:753][594]LogWindows: Warning: URL: C:/Program Files/Git/bin/git.exe version
[2019.12.16-09.43.16:291][378]LogWindows: Warning: CreateProc failed: Nie można odnaleźć określonego pliku. (0x00000002)
[2019.12.16-09.43.16:291][378]LogWindows: Warning: URL: C:/Program Files/Git/bin/git.exe version
[2019.12.16-09.43.16:291][378]SourceControl: Error: Failed to enable Git source control. You need to install Git and specify a valid path to git executable.
